*** Life<ConwayCell> 10x10 ***

Generation = 0, Population = 19.
.*.....*..
.....**...
.....*..*.
....*.*...
....*.....
.*.....*..
........**
...**.....
..*..*....
.....*..*.

Generation = 1, Population = 14.
......*...
.....***..
....*..*..
....*.....
.....*....
........*.
........*.
...**.....
...*.*....
..........

Generation = 2, Population = 12.
.....***..
.....*.*..
....*..*..
....**....
..........
..........
..........
...**.....
...*......
..........

Generation = 3, Population = 13.
.....*.*..
....**.**.
....*.....
....**....
..........
..........
..........
...**.....
...**.....
..........

Generation = 4, Population = 16.
....**.**.
....**.**.
...*..*...
....**....
..........
..........
..........
...**.....
...**.....
..........

Generation = 5, Population = 15.
....**.**.
...*....*.
...*..**..
....**....
..........
..........
..........
...**.....
...**.....
..........

Generation = 6, Population = 17.
....*..**.
...*.*..*.
...*.***..
....***...
..........
..........
..........
...**.....
...**.....
..........

Generation = 7, Population = 15.
....*..**.
...*.*..*.
...*...*..
....*..*..
.....*....
..........
..........
...**.....
...**.....
..........

Generation = 8, Population = 16.
....*..**.
...*..*.*.
...*..***.
....*.*...
..........
..........
..........
...**.....
...**.....
..........

Generation = 9, Population = 17.
.......**.
...****..*
...**.*.*.
.....**...
..........
..........
..........
...**.....
...**.....
..........

Generation = 10, Population = 17.
....*****.
...*..*..*
...*......
....****..
..........
..........
..........
...**.....
...**.....
..........

*** Life<ConwayCell> 20x25 ***

Generation = 0, Population = 40.
*...*....................
.*.*.....................
..*..*...................
...*....*................
....*.......*............
.....*.*.................
......*....*.............
.......*....*............
.....*..*................
.......*.*...............
........*.*..............
..*........*.............
...*........*............
.............*....*......
..............*.*........
...*...........*.........
................*.*......
.............*...*.......
.......*..........*......
...*...............*.....

Generation = 2, Population = 34.
..**.....................
.*..*....................
.*...*...................
..*..*...................
...**....................
.....***.................
.........................
.....*...................
.........................
......*...*..............
........***..............
.........***.............
............*............
.............**..........
..............**.........
..............*..*.......
...............*.........
................*.*......
.................**......
.........................

Generation = 4, Population = 34.
..***....................
.*...*...................
.*...*...................
.*...*...................
..*...*..................
...*..*..................
....***..................
.........................
.........................
.........................
.........*...............
.........***.............
..........**.*...........
...........*.*.*.........
.............*..*........
..............*..*.......
.........................
...............*..*......
.................**......
.........................

Generation = 6, Population = 34.
..***....................
*.....*..................
*........................
*......*.................
.**......................
...*...*.................
...*...*.................
....***..................
.........................
.........................
..........*..............
........**...............
.........*...*...........
..........**.*.*.........
...........****..........
.........................
.........................
.................**......
.................**......
.........................

Generation = 8, Population = 34.
..*......................
**.......................
***......................
*.*......................
.**......................
...**....................
...*.*...................
.........................
....***..................
.........................
........***..............
..........*..............
........*................
..............*..........
..........*..**..........
...........****..........
.........................
.................**......
.................**......
.........................

Generation = 10, Population = 29.
.........................
.*.......................
.*.......................
...*.....................
.**.*....................
...**....................
...**....................
.........................
.....**..................
.........**..............
........*.*..............
..........*..............
.........................
..............*..........
...........*...*.........
...........*..*..........
...........***...........
.................**......
.................**......
.........................

