*** Life<FredkinCell> 15x13 ***

Generation = 0, Population = 40.
--0-0------00
-------------
--000--0-----
---0-00--0---
----000-----0
---0------000
00-0--0------
-000----0----
-------------
---00---0-0--
--0000-------
-------------
-------------
-------0-000-
-------------

Generation = 1, Population = 76.
-0---0----011
---0---0---00
-0111---00---
---1----0-0-0
---011-0-00-1
0001-0---01--
1-0-00-00-000
----0-00-0---
-00-0-----0--
-------0---0-
-011110-0-0--
--0000-------
-------0-000-
------0--1-10
-------0-000-

Generation = 2, Population = 83.
0-000-00-012-
---1-00--0---
01--20---1-0-
-0--00--1-1-1
00-1----0-1-2
--1---0---2--
2010--0-1---1
00-0-01-0-000
011-100------
---0-0----0-0
01222210-----
---11--000-0-
--0000-------
-----0-00--21
-------------

Generation = 3, Population = 100.
--1110-1---31
-0-2----0----
1-1--1---20--
0-0---0020202
1-0--1001---3
-021-010-030-
-12-0---20--2
11-10-2-1-1--
-22-2--00--0-
--01--00-0---
1---33---0000
000220---1--0
-0111-0--0--0
--00-1-111032
-----0-00--00

Generation = 4, Population = 75.
--22-1----142
---3------000
212-2--00---0
---1-0-1313--
20--1----0-04
---20-2----10
-2--1-----0--
22-21--0-0--0
----300-----0
0--20-1-01--0
2--2---001---
-113----0----
-------------
----020-22-43
--0001-------

Generation = 5, Population = 92.
-03---0--0-5-
0004-0-000-11
3-3---0-----1
--------424--
31012-00-11--
0-231--0-0---
-320-000-----
3--32------01
-2-04---0--0-
100--020--001
3------1--0-0
-2--2---1----
-011100--0-00
--0--31-33-54
-01-1---00-00

Generation = 6, Population = 85.
---------1-6-
-1-5---1-----
414-------0-2
-0-10---53-02
--12--1-12-0-
1-3---2--1---
2431-1--20-02
-2-4--201-1-2
032---0--0--0
-11--1---1-1-
412-33-2-1101
-3--3-0---00-
0-2-21-001---
-0--0----4-65
01----00-----

Generation = 7, Population = 98.
-0-2---10---2
-20-0-0-00011
5-512--00--03
-1--1001--4--
3----12--3-1-
20-3--300-3-0
-54---0---01-
3--52------0-
1-----1--1--1
1222-2-00-021
5-----1---2-2
0413---011---
----3201----0
01-01-1--5-76
1-1-111100-00

Generation = 8, Population = 77.
013----2--1-3
----1---1--22
----3-0---0--
0----11----02
41-2--30-----
--3-1-4-114--
2-51111-20---
4--630---0-1-
--2-4------02
2--3---111--2
-1-----2--303
---4-00--2---
--21--1-----1
-2012--1-6--7
21-0--2------

Generation = 9, Population = 93.
1-421-0--1-64
0205200--003-
5--1411002-0-
1--1-22----13
-21---41-3114
--4-20-0-251-
3--2-2---1-1-
520------1-2-
-3--5--00-0--
------2--2-2-
--2--3-3-14--
-4-5-1--1--0-
---2--2----02
--1-331---078
3-11-1---0--0

Generation = 10, Population = 101.
21-3-112021-5
1-1--11--1-4-
---25-----0--
2--21-315--2-
-3--21----2--
2-533-41-362-
4-5-13102-0-2
-31-30-0-2132
-4-0-0-11--0-
-22-0--1-3--2
----341-0-50-
0-16-2-----1-
-0-3-2310--1-
022-44-1--189
---212--0---1

*** Life<FredkinCell> 30x50 ***

Generation = 0, Population = 49.
-------------------------------------------------0
-------------------------------------0------0-----
---0----------------------------0-----------------
----0------------------0--------------------0-----
---------0-------------0-------------------0------
-0----0-------------------------------------------
---00------------------------0--------------------
-----------------0--------------------------------
----0-----------------------------0----0----------
------------------------0--------------------0----
----------------0---------------------------------
-0-------------------0----------------------------
---0----------------------------------------------
---------0----------------------------------------
-------0----------0-------------------------------
----------0---------------------------------------
----0---------------------------------------------
-------------------------------------------0------
--------------------------------0-----------------
-----0----------------------------------------0---
-0------------------------------------------------
-----0----------------00--------------------------
----------------0---------------------------------
-------------0-----------------------------0------
----0---------------------------------------------
------------------------------------0-------------
---0---------------------------------------0------
---0----------------------------------------------
----0---------------------------------------------
--------0-----------------------------------------

Generation = 1, Population = 175.
-------------------------------------0------0---0-
---0----------------------------0---0-0----0-0---0
--0--------------------0-------0-0---0------------
-----0---0------------010-------0------------0----
-0--0-0-0-0-----------010-----------------0-------
0-0000-0-0-------------0-----0-------------0------
-001100----------0----------0-0-------------------
---0------------0-0----------0----0----0----------
---0-0-----------0------0--------0-0--0-0----0----
----0-----------0------0-0--------0----0----0-0---
-0-------------0-0---0--0--------------------0----
0-00------------0---0-0---------------------------
-00-0----0-----------0----------------------------
---0---00-0-------0-------------------------------
------0-000------0-0------------------------------
----0--0-0-0------0-------------------------------
---0-0----0--------------------------------0------
----0---------------------------0---------0-0-----
-----0-------------------------0-0---------0--0---
-0--0-0-------------------------0------------0-0--
0-0-------------------00----------------------0---
-0--0-0---------0----0110-------------------------
-----0-------0-0-0----00-------------------0------
----0-------0-0-0-------------------------0-0-----
---0-0-------0----------------------0------0------
---00------------------------------0-0-----0------
--010-------------------------------0-----0-0-----
--01---------------------------------------0------
-----0--0-----------------------------------------
----0--0-0----------------------------------------

Generation = 2, Population = 180.
---0----------------------------0--------------0--
----0------------------0-----------0---0--0-0-0---
-0---0---0-------------1------0---0--------0-----0
-00------------------0---0-----------0----0-0-0---
----1--0---0---------0---0---0--0--------0---0----
---1----0--------0-----1--------------------0-----
-11-211--0-------------0---0---0--0----0---0------
-0----0--------0---0----0--------------------0----
--010-0---------0------------0--0---00---0--------
-0---------------0---00---0----------------0---0--
---00---------0---0---------------0----0----------
---1-----0---------0---00--------------------0----
-1---0-0--------0-0-------------------------------
-0-----1--10---------0----------------------------
---000---1------0---0-----------------------------
--------01--0------------------------------0------
--0---00----------0-------------0-----------------
-----0----0------------------------------0---00---
-0--0-------------------------0---0---------------
---0-0-0--------------00-------------------00---0-
---0------------0---------------0-----------------
---0-0-0-----0------01--10-----------------0--0---
-0--0---------0---0-------------------------------
-----0-----0---0------00------------0----0---0----
--01--0---------0--------------------------1------
---1---------0--------------------0---0----1------
-0---0-----------------------------------0---0----
-0---0--0---------------------------0-------------
--00--0------------------------------------0------
---0--0-0-0---------------------------------------

Generation = 3, Population = 500.
--0--------------------0-------0-0-0---0--0-0---0-
-0-------0------------010-----0-0---0-0-00-0-----0
01----0-0-0----------00200---0-0-0---0-0--0-0---0-
0-1000-0-0-0--------0101010--00-0-0-0-0----0-0-0-0
-00--00---0-0----0--0101010-0-00-0---0--0---0-----
-0--000----0----0-0--00200-0-0-00-0----0-0--------
0-213--0--0----0-0-0--01--0-0-0-00-0--0-0-0--0----
0100---0-0----0---0-0----0-0-0-00-0-00-0-0-00-0---
-01-1-10-----------0-00-0-0-0-00-0-0110-0-00-0-0--
0-----0-------0-----0110-0-0-0--0-0-00-0-00-0-0-0-
-00-10---0---0-0-----0000-0------0-0--0-0--0-0-0--
-002-0-00-0---0-0-0-0-0110--------0----0----0-0---
02000--10000---0-----0-00--------------------0----
01000-020-210-----0---0---------------------------
-001-100-2-00--0-0-0-----------------------0------
--00000-1-00-0--0-0-0-----------0---------0-0-----
-0-0--11-00-0----0-0-----------0-0-------0-0-00---
-00----0-0-0------0-----------0-0-0-----0-0-0110--
0-0--0-0--0-----------00-----0-0-0-0-----0-0000-0-
-0010---0-------0----0110-----0-0-0-------0110-0-0
--0-0--------0-0-0--000000-----0-0----------0-0-0-
-0010---0---0---0-001211210-----0---------0-00-0--
0-0--0-0---0-----0-0000000----------0----0-0-00---
-000------0-0-----0--0110----------0-0--0-000-0---
-01-0--0---0-0---0----00----------0-0-0--00200----
-0-2000-----0-0-0----------------0-0-0-0-00200----
0101010-0----0--------------------0-0-0-0-000-0---
01-101-0-0-------------------------0-0---0-0-0----
--1-0-10--0-------------------------0-----0-0-----
---1001----0-------------------------------0------

Generation = 4, Population = 171.
---0-----0-------------1--------0----------0-0-0--
-1----0--------------------------0---0--11--0---0-
---00--0--------------------01------0------------0
1-------0--------0-0-------0------------0-------0-
----11-------0-----0-------0------0------------0-0
-10--1----0-------------1------------0------00----
1--2---10-------0--------0------11----------------
-2--0--------0---------0--------------------1-----
0--1----00-------------0------1----1--1-----------
-0----1--0----------1-------0------------1-------0
---02--0----0-----0-0--------0--------------------
-1---1----1--------------1------------------------
-------2--------------------------0----0----------
-----0-------0----------0------------------0-0----
---2-------1--0-0-----0---------0-----------------
-0---11-------0------0------------------------0---
01-1----0-----------------------------------------
-----0---1------------00---------------0-------1--
-------1--------0-0---------0-------0-------------
-1-------00--0----------------------------12------
-0---0--------------------------------------------
-1-------0--------11------10--------0------0------
---0--------0-------1-----------0----------1------
---1-0---0-------0---------------------0------10--
01--1---0-----------------------------------------
-----1--0-------------00--------0-------0---------
-------0--------0----------------------0-------0--
-------10----0-----------------------------1------
0-------0-----------------------------------------
---21-------0-----------------------0-------------

Generation = 5, Population = 486.
-00-0-0-0-0-----------0-0------0-----0--000-0-----
0-0-00---0-------------1----00----0---00220-------
010110-----------0-0--------120--0-0-----0--0---0-
-0-0-0---0---0--0--10-----01-0----0-0--0-0-------0
00002-0-0-0-0-0--0010---0-010----0-0-0--0---000-0-
-21--20000-0-0--0--0---2---0----000-0-0----01100-0
-1---112100--0-0-0-----1--0----0220--0-------0----
0-00-0-0-0--0-0-0-----0100----0-00-0--0----0-0----
-01---101-0--0------0-010---00-0--0-11-0-0--0----0
--0-00---10-0-----0021-0---0--0----0--0-0-0-----0-
--013---0000-0---0--10---0----0----------0-------0
0-02--0--0-00-----0-0---1-0--0----0----0----------
-2----0-0-0--0----------00-------0-0--0-0--0-0----
---00-02---10---0-----00-0------0-0----0--0---0---
-00-0-0---0-0-1--0-----00------0-0---------0-00---
-10-02201--0-0100---0-----------0------------0-0--
1---0-11------0------000---------------0------00--
00-00-00--0-----0-0--0110---0-------0-0-0-----1-0-
-0---00-0-0--0-0---0--00---0-0-----0-0-0--00---0--
020--0-001100-0-0-0---------0-------0----0231-----
0-0-0-0---0--0----00------00--------0-----0-------
0201-0--0-0-0----022-----1210---0--0-0----010-----
-00100-----0-0---00--0----00---0-0--0--0--020-00--
00020-0---0-0---0-0-0-----------0-----0-0--0-0210-
121--0-01--------0----00--------0------00-----00--
00----0-10------0----0110------0-0-------0-----0--
-----1010----0-0-0----00--------0-----0----0--0-0-
0-----0--0--0-0-0----------------------0--0-0--0--
-0-00---10--00----------------------0------0------
0-0320--0--0-0---------------------0-0------------

Generation = 6, Population = 475.
-1--10---0-0---------0-1-0--000-0-0-0----1---0----
1--01------------0-0-------0---0------1-3--0----0-
-212210------0-----1---2--0---100-----0----0-0-0--
1----1---------0-0-2-1--01---1---0----0-010--00-0-
1-113-101--0---001---1------1----1-----------1-0-0
-3-----1----01---0-1--03--01-------0---00-012-110-
-222322-2-1--10---00-----------1------0--------0-0
---1-1---100---0----00--11--0--------0---00-110--0
-12-10212-100---0-0-10------11------22--0---------
---0-1-00-10-0----1---11-00---1--------0---00--0-0
0012--001-1---0-0-0-2-00---0--10--00--00----------
-1---11001--10------1--12--00------------0-0-0---0
----00-2-0-00-0-0-0-0-0------0------00---0--------
---1--13--22--00-----01--10--------------0-0-010--
0--2-1-002--102-0-0-0---1-----0--------0----------
----1--121--01--1--0--0-0--------------0---001-10-
210--022--00--1---0---1-----0---0---0-------------
---1-01--110-00-----0---10-----------0---000-12--0
0--0----10----0-0-0-0-----0---0---0---0-----------
-3-1-1-11---1--0--10--11--00--------1--001-420-0--
---0--------0---0-1-0-------0---0---1------0------
-3---1-0--10-0--0---12--22--10----0---00-012-000--
01--1---0-0---0---1---0-------0---0------0---0----
---3----00-0---0--1---11--00----1---00--10-101--10
2------1--0-0---0---0-----------1------1---2---1--
-----11-210--0---0--01--10----0---0---00--02--01--
-1--02---0----0---0------------------0---0---0---0
---10-1-01001--0------00--------0---0---00---0----
0-1---10--0-----0----------------------0-------0--
-01431101-0-010-------------------0-0-0----0------

Generation = 7, Population = 754.
--0--10-0---0----0-00-----0-1-10-----00---000-0-0-
-1--200--0-0-0--0--100---0---0010-0-002---010----0
03-33210----0-00--0-000-------211----0-0-0-1-10-0-
2---02000--0-00101-3-20-12-----0-10--01-1-1-011---
202-4121200--00--20-02-1010-----0200--00-0-0-2-1--
-41--2020-0-1--0-1020-141012---0-00-0--11-1-312-10
1--3-332-02---1---1--00100000-0-2--0----00-0-00101
--02--0002---0--------0122001--0-----1---11-2-1-01
023-2--2-02-1-----1----10-00-2-----13-1---00-000--
0-0102-11-2-0----0-0-----11-0-2---0000-1--01100---
11--30--202-00----1-3--1-0-1-0-10011001-00--00-0--
-2-2--2-1----10----0-00-310-1-00--00000001----0-0-
-2--1---010--010----101-0000--0----0110-0-0---00-0
0-02-024-03-0-110---01-0-210-00-----00-001---1-10-
-0030-011----1-01--0---02-0--0-0------0100--0-0-0-
-10--2-23-----10200--01-10--0-0-0---0-010-01-2-210
3-1---3--0---02000--0020-0-0-0-0-0-0---0-00-0-0000
-0-2------2--1100--0101121--0-0-0-0-----01-1-2310-
--0-0-0----00-10--1010000-1--0-0-0-00---0-0-0-00-0
-------2---020--0021002200-1--0-0-0020-1-2---1--0-
--010---0-0-1---1-201-00000-1--0-000200-0-----0---
-401-----0-10--010-2-3-13321-1--00100011-------10-
1-0-----1010----00201-1-00000--000100000-------000
-00------1-------02000-200110-002000110-2-----2-21
-2-1-0--1010------001-000000--00200-00-2-0---0-2-0
00----2032-0-------0-211210--0-000-0--1-0-1-0-1-00
0-0---0-0-000------0000000----0-0-0----0-1-001-00-
01-2-121121-20----0--0110------0-0-0----1-0-0100-0
-020--2-1----00--0----00--------0-0------0-0-00-0-
-12---212-1-1-100----------------0--------0-0--0--

Generation = 8, Population = 169.
---0-------------------------0----0----0-1-1------
-2----1-----------------0----1------1-----------0-
---4-----0-0----0------20---------------0--2------
-01-1-------0--2-----3-1-------1----0-------1---0-
-1-------------0-3-------------01--1-------------0
0----3--------0----------------------0------4-----
--24---3---00-----2--1---------------0-----------2
---------30--------------3------------------------
--4-3-------2-------------1----0----------1----1-0
----------------0---------------0----------22--0--
---2----3---------------0-------------------------
----0----1---2---------1-----0--------------0-1---
-3-0-----2-0-----------0-------------------0------
-----13----------0----11--------------------------
---41-----0----12---------1--1--------------------
--1----------1---11------------------------2------
--2---------0---------------------0----1----------
------------------------3----------00--------3---0
---0------------0-------1---------------1--0------
---1---------1-------1----------------0-------0---
---210---0----------------------------------------
-5------01---001--------------00------------------
-------02---------3-----1-------------------------
-----0--0-0----------1-------------1-------------2
--1---------0-------------------------------------
---2------------------------0--------------21-----
-----------1--------------------1--0-------1-----0
---3-2-----0------------------------0---------1---
-13-0-------0-------------------------------------
0----1-------1--1-----00-------------------0------

Generation = 9, Population = 435.
-10-1-0-----------------0---111--0-00-0-----0---0-
1-0--0-0-0-0----0-------10--020---00-0-032-----0-0
------1-0--------0---00--0---2-1-------0-00-------
2-20-2---0---003-1--0--2------02-----0--1----1-0--
-2--41------0--1--0--2-1------0-220--0------------
--110-02---011---10--0---------00--0010----1-1----
1235333-20-1111--0-00-0--0----------010-----0---0-
---20--0041-------0--0--2------0-----1----1----0--
-2---0---020-0--0----------0--1----------0--0-02--
--010---1---0--0-0------0-1------0---------3300100
--1----0-----0--0--------0---0--0----------0--00--
-2-2-1---2101-0-------02----1-0----------------0--
0----00-03--00---0------0----0------------0---0---
-1---244-032---1--0--12-0-1--0-------------0------
---52-0--2-1-122300---00-0-00-0------------0------
-12-1-----0---10-220------0--0----0----1--0-0-----
-131-------0-----00-----0--------0--0-0-0--0-0---0
--02--------0---0------141---------110-00--10-3-0-
--010--------0-0-0---0-020---------00-00-00-000--0
--0--1---1--2-0-0---0-2-0------------0-10--4-1-0--
-00--10--10---00-----0--------00------0-------0---
0-0101----1-01-21-2-----3----1110-----------------
-1---0013-1--000-0-0-0-0-0----00---0-------------0
--0-0-0-1--00-----2-0-1-0---------0-1-----------2-
-2---0--1-10-0-------0------0------0-------20----0
----0------00--------------0-0--0--0------1-20---0
-----2----020---------------0--0-00-------02--0-0-
-1--0-2---11--------------------0----0-----1-1-0-0
-240-0----------0-----00------------0------0--0---
--2---2-------10-0---0110-----------------0-0-----

Generation = 10, Population = 486.
-2---1---0-0----0------11--0-2-00-0-10--01-1-0----
-210----0---0--0-----001--00------1-1-2-----0-0-0-
---4-2-0-0-0-000-10--11--10--3-21-00--01--12-1---0
-03113----0--1---2-3-3-312-------10-011---1-1---0-
--21---1-0--10-20311-3-20----01---1-----0--0---1--
04-21--3-00----00----1-4-0-----1---11--1--1-4-2-1-
2-4-------2-222001-11--1--0-----2------0--0------2
0----1-11--00-0-0------1---0----0----2-----0---1--
0---3-222-312-0---1--0------12---0---2--0---10-3-0
----1-----2--00---1----1-1---02---0------10-4----1
--22300--0200---------01-------1----------01---1-0
--0--2-0-------000---013-1-0---00---------00--110-
-3-011-21400-1-00----0--100--1-----------0---0----
--02---501-----2-01002-112---1-------------10-1---
---6-11-13-2-23--11----12--11--0--0----1---1------
0---222----0----23-10-101----------00----0-------0
3-------------20--------1-0--0--0---10--10-1------
--13-------------00--01---0------00--1--------4--0
-0121----0--0-1---1---0---1-------0---11-11--1----
-----2--12-0-11----1---21-----00---0----1---22--00
-11--2100--0----1-2---------------------0--0------
-----2000---1--320----------12--10-0--1-------0--0
--011-1---2-0---0---1-1---0-----------------------
-0----10-10-1000---0---2----0-00-0---1-----10--1-2
2---1--12-21--0---0-----0-------2--1-------3-----1
-0-2-1--3-01---------2----0---0----10----02--1---1
-1--0----0---0----------------0--11--0---1---1-0-0
02-----1-2------0-----11----0-----0---0---------0-
0-510-2---00--0-----------------0--0-------1-----0
--3----1-----1211-0-012210----------0----0-0-00---

Generation = 11, Population = 705.
03-01-0----------0---0--20-1---11-1--1-012--0---0-
1---2----0-0---1-00-0-1-----0----0-0203-3201------
--1-33--0-0-0-----1-02-2----1--320110-1200-3----0-
214---0--0---------4--0-2-----02-2101---112-------
22-24122-1002---14-----3-1--112---2--00--00-0---0-
-5--2304---0---1110--2--1----0-----22102-021---1--
-2--33--2-31--31-2-22-0-0-------32-00101001-0-01--
-20---0--41-10-01-0000022----0-01---03000----1120-
12-14033---2-0-000201-0--0--2-------3310--1--1-4-1
0-0----11--001-0-020-1-2--1---3----0-0---2-35---0-
-1--411-313-1-00001----20--1-0-2--1-------1----201
--120-21----120-110-1-2-320-100-10----------0-221-
0------325-1---1-000---0--1-02000-------0-----000-
--13-----2-----30-2--------0-200--0----0-10-11-1--
0--72--1---3-34--2-0-0-23-122-0-00--0-0-0002--0--0
11--33-2310101--3-221-21200000-00--1---1-10-----1-
4131003----0-031--0000--2-100-00--0---012---0-0---
0--------1--0--001-011-141-0-0---1-1-2-00-01---10-
01232----10--020--2---1-2020--00--1---221220-2--0-
---1-3-----122-00-2-0--3200--0110---2-0-2-2-3-0011
022213211-01-00-20-----00---100000----00100--00-0-
-5-1---1-11-2104-1--1-1---21231121--00-10--2-0-10-
--1-20-13-3---001--------0-0-0000--0-00----20-00--
---3-0--1210--11----------11--112-011-0---0-112--3
-2-------03---1--0---0---00-0-----02-0---0-4-0-20-
-1----2-42--000---0-0-1-21-0-01000--1---0-3-22110-
--0----1-1-20-0-0----000--0-001012------02--02--01
---3-----3-1-000-0---0220--0-00-0-1----0-0-1-1---0
12--1--0--110-1---0-00--00--0--0-0----0--002000---
014-3---2-10123-2---1----10-----0----0--0--1-110-0

Generation = 12, Population = 458.
-4-1---0-0-0---001-----131----1220---2012----0-0-0
2-1---1---0---0-----1---10--12--01--31--4---------
--2--4-0---0-0-0--21-3-----023----2-10---1-40--0-0
-2---31--100----02--------------0--1--------1-----
-32352-----130-----1-3----0122----310----110-2---0
--1-3-1--00-----2-1-----2----1--00--3---11-24--2--
2--5--3--0----42-3----11-0-------3------11-0-0-2--
-31--11--5--2-01---------------1----1---------2-1-
---2--4--0-3---111----11---0--100-----2------205--
1-----1-----1-0--1--2-13----0-------01-10--46--111
--2-------40---11-2-30----0-01-------0-----------2
0-2--2--1-1-------10-------0-----1------0-00----2-
-3--1--------1-2---1------20---1--0-------0------0
-12------33--0--1-30-2--1-11----0--00------122-2-0
1-----12---41-5-3--10-0--0----1--1------1--3------
2--04-2------21--3----32-----1--------02----0--2--
52--114-0--1----0------0------1----0--1-----------
-0---01-02---111-2--2-12----0-0-0------111---3-2-0
---43---1-1-0--10-3-----3-3-00------0--3----0--0--
--0--4-2121--3---03--1---1--------00-------4-----2
13---4-221---1--------------------0----1----------
-6-20----22132---222----3-323-----1-1------301---0
----3-------0-1-2---1-1-1---0---1--1----0--------0
-0--011--3-1102--0---1---0-----2----2-10-----2-1--
2311-00-21--0---0---------------------------------
02---1-053----100-----213-----211------01--2---21-
--------0------0--0-----0---1--1----0--------3----
02------141--1-10----133--------1--0----1-02-----1
----202---------0---------------------------------
-25-41-----12----0002-----100-------0--0---20-21--

Generation = 13, Population = 698.
--0-1-----0-0--1-20-0-024-0-1-2-3-1------2--0-----
-22----0---0---1000-------0--------0-2--5--100----
0-3435--0001--0---320-1-01013-2----1--1----5-10---
2341-42-02-1----13--------0----2-21211----202--0--
2-3-6-2---0--10--4----0-011---2---42-0--------010-
0-2-43240-1-110--1---21---12-2011---41-2-223512310
--4----32---22--0----1220-0--0-1-40----1---10-03--
-42202211-1----2---------3-0---2-0-0-30-01-0-13--1
12--4--321--2-0---2-10--0-1--22110------0--0-31-01
-001-221-120---002-031--0-1-1-300--01-0212057-----
-132-11-31-1---22030-1-2-0-1-21--0---110--1-0--203
-232--21--2--2--11---0----01-0-01----0-0---10--2-0
-400----25--02----0-10--10-10-0-----1---001000-0-1
--330-45044--1--2-410--1-2--0-0----110--0----3---1
2-0721-313-52-6-4---101----2---0--000-0--00400---0
--21-3--3----3-03-2210--20--0-0--0-1-0-3-----20-1-
--3--25-1-0-0----0--0-2-2---0-200-0-102120--00---0
-1130---13-0-2-----0--2---00101--1-11----20----3--
-1-5400---2--0--1-40101--0---1--0-1--024-2----010-
0----5---3-1-410-1-10-2-----00---0-1------2----01-
2--2-5--3201--0----0-0--00001----0--2-0-1---00----
-7-3---1----4----3-3--114-4--3--2120-0-10-14-20-01
------1---30--2--03--0--2-0-10---0--0-0--0-20--001
-1---2-0-4-2---10-2-------1-0-1-------21----1---23
---211-1-23-1---1----00000----0-2---0-0-0--4-0--0-
---20221--0-0021-00--23--1--003220--1-11203-221321
-----2---10--0--00-0-0-010-0-0-21----0-0--0-0-0001
130-0221--212----00-02-4----0----01----0--1301--0-
1-51-130101100--1-000000--000---0--00--00-0-0-00-0
036-------1232---1--31---12-10-----0-00-0-031-320-

Generation = 14, Population = 658.
--1--1-0-0-0-0020-----1-5-1----------2----0-1-----
-33--01--001-----11----1--------0--1---0--0-1-----
1-45-----1-200---1--1---1---4----0---0-20-----1---
3----------201-32--40----2--0-0--32------1313-11--
-3-37-----1----2--1---1-1-2---302-----00-1--------
1-----35--2----1-21-0-2---23--122---5--3-3-46---21
2-----3430-1--------2-3-1010010-3-1-0--2---2--1---
--3-1---25-0-0----0-0-022---1---1-0--410-2--2-4--2
234250443-3----11--0--11102--33-2-0-33---0--1---1-
-11-1-3--2------1---421-1120--41-00121-32-16--01--
12-3--2-4--2100-----3---0--20--20-11--21--2--00---
03-30--212---30---10--23321211-12----101-10-1-2-2-
0--1---3--01131---11--1-2-2--21-0---21-----11--1--
0-4--256--5-02-33---12--13111-1------1-011--2-120-
--1-3-1---063--2-2-1212-3-1-2-1-0-1------1---1---1
213-4-----010-11-33---32-10-1-10---2-1-4--02031--0
---1--6--0-1-0-1---0103-3-1--03-1----1-2---11--0--
0-24-0-0-4--031-02-12--24-1-21--0--2-2---31103-4-0
-22-511111-00----05-2-203--00--0---0-1-5-32--21--0
1--------4-2--210-32--332-0---1--10--0-12--432---2
3-23-62-43----1---2-1-0---1--0-----0-0-120--1--0-0
---402---2-1-2--2424132-53--34113--1---2-02---11--
---1---1--4--0------1---3--------1---010--0----1-2
0-03-311-5-3---2-030--12--2-102220---132-0-12---3-
-31-220----12-102---1-1--------03--21---1----1---1
--0-1---53---1-2--1-03-13-0-1143-10120-23--2-324--
01010-0-021-01--11--0-0------11--21---0----2---1--
---31-3--432-1--0----33--0001--0112-000--02--21011
--622-41------10--------0---1--0----1--------0----
-----1212--34-3--------212-0-10-0-0101101------31-

Generation = 15, Population = 766.
--21120--101-1--1-0--0-2---1----3--01-01-21-20----
-44-2-2-01-2--01--211---1-0-1--1--1-3-31-21-200---
23-6351-02031-00-2--23-----1532--1-11---1--5-12---
4-4-1----2--1---3--5-30-2--11-1---32-11-----4--20-
2--48222-12-310---2--32--13-2241--4-001-------0100
2--243----3---02-3--1--4--3---23300261---4--712332
324-33-54-3222-2-3-2---2--211--1--2-1---1-1300230-
--422--13-11--0210-01-1333--20-2---01----31-3-52--
34----5------002-1--1-22-1---4-130-1-4---1--23----
12--22--1--0110-22-----3223------1-23-0-32-7---2--
-33441305143-1-22-3-4----003---3-0---1-2-----11-0-
1--412--23--1410-1---0----232-0-3100--1--2-12032-0
---2-1------2---00----20---10--110-032--0--220020-
1-5--36-04--1-1-4-41--212----2-0--0--2-1--0-33231-
----412--3174---431232-24--2---0---------2-40200-2
3--153-------322--42-043-21-21210----2-50-13142-11
-232----1102-1-2----2---40-00--020--1--3200220-10-
-1--01-11-20-4211-0-3-2-5-20----1103--0-1-221-45-1
03-562-2-2-----11---3---4031-----0-1---61--0032-0-
2--10--21--3-4--11430144--1-0---02112--2-2-54--01-
4-3-1-3-540---2-----20----20-10000-1-1-23---2--1-1
0--5---1-32--3-43-3------4-245--4-221---0--402220-
1------230-001202--02---4-0-----12110-21001-0--20-
-1--0-2---14-0-301-101-3-0--2--33-01--4-2-023----3
-422-3--2-3-302-3---20200-----01-0---0022----2-2--
02-2---1---102230---14-24---225-2-123113-033----21
1-121-1----2120--2-01-1-10-01--2-32--01-02-30-0--1
13042-----4322--1----4-4-1-------2-----0113-0--1-2
-273-15--01-0--1-----00-10002--100---0-0000-01---0
--64-23230145-4-------2323--1210--1-1---20---13420

Generation = 16, Population = 182.
----2--0----------1--------------0-1--------------
---------2-----------0------2-----------5--1---0--
---7-------4----0--2------------2---------------0-
-3---4-0--0---------04------2----------01-----1---
-3---3-3--------1--------2-1-----------0-1--------
-----4--0----1---4-----52--------------------2----
----4-----43-3--0--32-------------3----2-----1----
-4-----------0---1---------------0---------0------
---2------3-------2-2--3-----5---------------4----
-3----3-2--------------------0------4--34---------
1--5-----2-------------2--------0-----------------
---523-------5---2-----3-------------1------3-----
---31------1-------1------------2-----------------
-----4--1----------------3-----------3------4-----
--1----3---------------3----------1--------------3
----6---3-----------------2-----------------------
----1-----1---------3----------------------------0
---4-----------------------1---------2---3--2-----
----------------2---------------0----------1----1-
----1----4-----------2-5------1-----3-0-----5-----
----2----5---1---0-----0-------------------0------
-7-----2-4---4-------3----------------12---5------
2--13-----------3------------0--2-----------------
-2---3-----------2----14---1-0-----------0--------
-5--2-----4---------3-------------0----3----------
-----2--------------2---5--------------------32-3-
-----------3----1--1-------1----1--------3--------
-4---------4-------0-5---------------------3------
---42-----2---------0-----------------------------
------4--12-------------3-------------------------

Generation = 17, Population = 523.
---1-20-01-------2-0-0------1---3---1---2--1---0--
---02--00-02----0-211-1----0-2--01-1---1-21-2-0---
-34-35-0-2--1--0-23------------3-1-----2---5--2--0
444115-102----------150--2---1--0-----1-2----1-20-
243-8--4--2--1-2----03-3--------------110-1--20---
-5---53--030120-2-121-263--3------0------4--732---
-2-5----4054--42-32431-21----------0--0-1--3022---
0-422------1210----0---3-----0--1------0--1-3-----
--4-5-5-31-3-0-------02-1---263--0--3--00--02-1---
--1--2----2-------2-4-------114-0--2-10452---0----
--36-13---4--1---0----030----2-3-0--01-20---0-----
1-36342--3-01-1-1-10--243-----------0-1----1-0----
--0--1--2-0-23---01-1--0-0-----1-0----------------
--53--6--4-2-------1---12-1-----0-0-1-0----1-3---1
-0-7412-1-------------2-401------1-0-0------0---0-
--3173---10---------1--3-2-0------0---------------
----22--11-2-------0-0----10---------1---0--2---0-
--2-------2-----1---3-----2-2---1---1-0-1-2--3--01
---56----2-----1-0---0-0---1--00-0--012--32-0--1-0
---125--151--4--11--0--62----0-10--1---2---5-2--1-
-3-336-25-0-122-2-2---010-----0-----2--2--01------
--05--0--52-450-34--1-21-----5--4----0230-260-----
-1124--2-0---1-0-----010---01100-2----21-0-2------
-3030-2---1-------3-01250-2--12-3-0----22-0-------
2622-3---2-1-----0-040200--0-0---0-2--0-20---20-0-
-2----2---01----0---34-2-1-0----2-1----3-0--243--1
-1---2----141--0-202-0--1-0-1--2-3------0-03-30-0-
1-042------52---1-010-3----0----1--------13-0-----
-275315---3-------------1------------------2------
---442-232-4--------3--3-3------------------------

Generation = 18, Population = 493.
--222310-2-1------110----------24----2----------0-
-4---0----13-------220-1--0-2-0-------32532---1--0
----4----3---00-03---3---1-1--2--221---3-1----3---
-------2----11---305-61-2-0-2-1------12-313142-31-
---493-5-13--20---2-1--4-2-1-2--2-4--0---1-0-3--0-
---2-64----1-3---4-32-3--03-0----0-----31-----33--
-346-33551652353043-4233-0-1-1--3---11-2---4-3-3--
-4-3-22----2-2---1-1---43----1-2---01--103--------
34-260--423421----20-133-1-0---13-0----1---1-4-5--
-3---33-2-3------------3---0---1-10------3177-----
134-42-0--5-------3041-4-0---31-0-1----------1----
--47---2---1-------1-0-------1-----011--0-0-3-3---
04-3-203-----4---1---0--------1-2----------------1
-----4761-5--2---0--------21-------1-3-1--0-4-2---
2--852---317-------232---1----------0----------0--
--42-4--3-1-------------23-12------------1--------
------622---0---0-0---30--------2-0--------2---11-
-1---1--14-----------1-2-13--11----32-1---322-4---
---------32--02--15-3--1------1---1------4-1-32--1
-302--0--6-3-5-----3---7-1-10---1-1-30-322265-0---
4-344-33-----------0-0---0---1-----------0-2-0--0-
-7-60--2-------4-5-4-332---2-61------13-10--12----
2----01--14--22--03-2--1---1--11-------2---3------
-4---3---5---0-3---1-------1-2-3------4------22-3-
3-3-2-0-2--23-----01--3----1-1--3---10------------
---2-2-1---2-----010-533--01-2-----------1--3-443-
-2-2-----2---20--31--1---0---11------------4------
---5-23---4--2---0-215-4-----------------2----1-1-
-38--26-1--10---1-00--0----0----0--------0--------
-3--5-43-32-5------0-12-3-2----------------3------

Generation = 19, Population = 712.
--3--4-1--020----222---2--1-1--350--1--1221---00--
2--021-0-22-000-01--3---1--0--1-0111--43-431-020--
-3-7---00--4--1-1------2----53-323-21014--150-4-00
---1-5230-02220---161-23-----12203-21-304--2--14-0
--3---26-24--312-43-2-2-13-----1-2-201-1021104-110
-5--47-50-321-02-5-43246314--2--3---6-0-2----34---
3--7-4------------4---4-112-120------2--111---240-
--4-23----1----2-2-2--1543--22-31--1--12-41-------
45---154--45--0---3--2-41--12632401-3-22---22---1-
1--1244132--11------4---2-3111-2-212---454-880-2--
24-65-31-26------041---5--030-23-02-01--00-10-----
-3------2---15---2-21-24-2--220----1-211-----0-2-0
1504--14--01251-0211112---21-----0--3--00-------0-
-1---587246-131-41411-----321-1-0-0-1---11-------1
-0---3-314-843---313-32--2--2----------1-20-0---0-
315-75--412-0---3-42104-3--231--0-0-0---0-13----1-
-232-27-3-12-1-2---0--4---100030----1-2--0-3---220
0-2-0-------042-12----2--24122-01-043--1--4-335-01
--25-21--43-0-312260--2-4-310-20002--126-5---4311-
-41--51-171--6---1-4-248-2-21-11--2-41-4----6-1012
--------55-1-2-0-02--1--012--2--0-0-2-023-03-1-1-1
0-0---03052--5---6351---5443--------12432-262-2-0-
-1-2--2-3-500-303-4----24-0-11--2----02--01---0-0-
0----42--6-4-12-0232--25--2--324----2------2333--3
-6-2---1--4-4--0---24-4-------0--0-221---0--02-2--
02-31-2--303-22-0-----445-1-----2---31--3-3---5-41
1---1-110--41-1014-2----1--11-22----------0----1--
---6---11----3---1----3-01-0-00-1-------1333-2---2
1-9---71--32---1-011-01-1---2--1-0------0102--0-0-
04-4-2-4343462--2--1-2----------0--------00-1-----

Generation = 20, Population = 450.
04---5-20-----0----3--1--1-1-2-46----2---3------0-
--------03-----------0-1-0--2---1---3--45---21---0
-------1--0510--2-32---3----6----4232--5----11--1-
-4-2-63--2-3-31-3--------2------14-32-----3-4-----
----93-7-3513--------3---------2-3---2-----2------
----5-4-10--23---6-54------3-3------7--3-4-4---3-2
------355--52-5--4-44---2-----1----0--0--2-4----12
---334-1-52---------1--6----33----------0---3-52--
-6-2626----6----------3-2-------51-----3---------1
-31-35----3-22---2-----33-------03-341--6--9-1----
-----2----73----2---4--6---41-------1--2-----1---3
1---3--2-----------3-0----23------------02-1----2-
2--51---2---------2---------02------4--------0---1
---30-9-35--2--------2-----3-----0--23-1----4---1-
------2--5-9----4--4---3---2--1-------0----4-2-01-
4--286--52--13---3---15-------------120-----------
5--3--8-41-3-23-00-1---04-------2----------4-0-3--
-1---1--14---5-------1-2-3-----1-1----1213-244--1-
0-366--2----1---3---3--1----11--1-3-0--7----0--221
25--2--------7-----5--59-3---0--1--------22-----2-
43---6--66-------1-0-2-----0------1------------2-2
-7---2---6-1-6------2---65-4------22-3-4-03732321-
2-1-4--24--11------02----0-12----2--0----1-3----1-
-4--05-----5-2----4--1---031--35-0--314----344----
37-3-30-225--02-30--5--00-----1----3--0-----------
------31-41--3--1---35------2---------13-1433---52
2--22--2----2---2---1-------21-31---00-------3----
------32-44-----------4-12-1-1---------0-4-----1--
23-5--821-----1-1-------2---------0----0----------
-56---4---45-34----2-3--3---1--------------3-13-2-

Generation = 21, Population = 716.
153-2--3-----1-2--2-0---52--1--5-0----01--1-20-0--
24---1-0-4-3000-0-2-3-12-10-3---2-1-4-4-6--1--2-0-
-3-7-5---316---03-4323141--173--2--43016--152-40--
4---1-4303----2-4316-6-32-0-2---253----0-1-25---1-
-4------24-2-31-14-1--2--3-1-24-24420-11-2-3---1-0
---2675----234--27------3-4----3-0-------5--7-4-33
---7---6-1-6-3-305--52---1-112-1--3--2---3-5--242-
-44-4--236322-0--2--20--4--044--10-1--1-------63--
474---7--24--1---1--22--31--26-2--11342-0--224151-
1-21-6---24-330---2-4----2-11--2---45204-41--20---
244-5331-2-4-1-2------07----23--00--2-2-00--021---
23--4-2---21----1---1-24-23-22----------13--3--2-0
350-221-3---2----2--------21131--0-05--000-2--0-0-
1-5---+---6--3--4-411-21--34-21-0-01-40-1----3--2-
2-----331---43-2--1-3---4-1321-0-1---01---0-0--1-3
515--722-3212---344-12633--2--2-0--22--5--------1-
6-34-2--52--034-1---3---5-----------11-3200521----
0---------20-6---2-1----5-4-221-----3223-4--5-552-
1-4---1--4-0-0-1-2------4--12-2-20---1-8--2-1-33-2
3---3--217----2-1146--6---12-11122--4--423366--032
-43--7337-01----2--12--10-2112--002--1-2---321-3--
08---30307-24-0--6-53--27----------31------8---3--
----50235-5222-----1------02311123--1022021-0-0-22
05-----1-6-613--0---0-25-----3-6-10----2-00--53-3-
4---2--133--413--1-260411-01012--00------00--2--01
-2--1---5--3-4-3---046445--13-532--23--4-2--4--463
-213321-0--4---034-22-1-10-----423-011----04--0101
-4--22-315552-0-----15---3--12001-2-0001--3--21-1-
3-9-32932--2--2--0-1-010---020---0-0--0101-2-1000-
--7--25-3456-4-12-0---2343-0-2----1----0--0--24--0

Generation = 22, Population = 683.
-64---1402-2-20--23-101-6--1222-6---12-2-3-1310---
-5-0-2-1-52--11-1--2-0----10----31-152---4322-3--0
24--46---4---0114354342---02-423--254-2---2----11-
-4---65-14----33542717---2--312236-3-13--233-214--
--34-3-----33---25322---1---2352--5-1-2----40----1
-52---6-1-33-5--38154246---30--4310271032-24--5---
-3-844-7526--4541644--4-2-2-2--2-4--1---14---335--
---3-4----433-----023116530--50321-2-42204--3-741-
-85-6----35-220-12-03-34--213--3--2-4533---3-5-621
--32374133-04-1-----5-13-3-22143-3---3-5--2-831-1-
35-6-442-3-5120---4--1--0-0-3-2-112-3132-1-1-3---3
3447----2-3--5-----3-----3-333--3--1--1-240-4-3-2-
46----2--5------0--1------322--1--0-6--1-------21-
-1630----5-2241--1----32-345-3-0--1-2--12-01----3-
------442-------4--4---35---------------12----0---
6---8-3-----332-----2---43-3---1--03-2-6-1-3-4----
-2-5-3--6-13-45-200-4-4--01000--2---2-24-1--32-3--
-1-4-11-143-0--1-3-----2---1---111-4---4154--4-63-
---662---531-13-3-----21503----0--3-022--531---4-3
4--2--1-2------1-2---2---3-3--2--3-1-105--477--1--
4-44--4-8-1----031-2-2-----2-----13-2--3-0-432---2
1----4---8-3-6-4---6-33--5----11---4-34-20-932-4-1
---2613---6-----30422-1-401--2-2-------3-3-3-012-3
-60--5---71--4-3---211------2--732-131-32113-----3
57-3330-4-52--4------1----1212-1----2---21-4-3--1-
-3----3---140524--11-7-56----2-4-1----1--34------4
23---322-----2---5--3-20--01-125-42--------5---2--
-50-33------3-1-1--2--44-40--3-1-----11---430-2---
-3+---+4303---3---1-0-2---0-31-1---------2---2----
0584---4------4231-----4-4-1131--------1----1-----

Generation = 23, Population = 736.
1-5---25--0----2-343212--2----3-7--------41-4--0-0
--4-2322063-02212123--1-11-1-----21----46-43-14---
354-57-1----1--2-46-4-34----7-3-243---36-1-5214-2-
-5-2-76-2-032--4-----------------7-4-240434-53---0
-4-5-42--4--4-1-3---332-----3463246-2---02151--11-
2--267-520--36--4---5-573--41--5-21---1--53---6--3
344---386-76----27-552--31313------022-22--5-4----
---4-522365--2-2-2--4--76-1-46----0---331-1-------
49--7274----3---233-4245-1-2-63--1-15-44-1---6---2
13-34852-44-5--0222-62--3-----5-041-5---6---9-2221
----5-5--47-23-2-0------------33-231424-02---41-0-
4---44-------6--1--410-------4--4-0-1-2-3511-0-23-
-70-22-4-6-12-12--221-20-0---312-01072-200-22--321
----15-7-6-3--234-4--24-245-1--1002-340--1124-2-41
2018-3--3--9---2--1------21--1-----000-1-------11-
-----74---2-44-2-44-326---24-12--0142-070---15-2--
-3-6248272-4---2311-5--------1303-00-1352---43-4--
02--022--54--62--4--3-23--42-21-220-322------5-74-
1347--1-1-42124--2----32-141---1-0--13-8-----43-2-
55----2-3--3-7-2-34603-9-41411--24----1-23----123-
--5-4-5-96---221---3------231--00-4--1043105--0-03
280--50--------53---3--2-6-4--2-41--145-31-+4335--
21-3--43-17----04-----2-5122--1--3--1--4--1-0-----
--130-2--82-1-2--2--2---00--3338-3-242--3--44-31-4
6834-4---36--150--0---41102-2-------3-0--2-5--02-1
0-0312--54-5-6351-22484-71----5--2--31-4--53-4-4--
34----330-142310---2-1-1---2-2-6--30-1---306----01
-6--4-3-1555-32-----155--51---0-122-0221--5412----
-4+-3-+5--4200-----1--30-010-2020----0010--20-----
16955--5-45--4---2--3-----22242-------1-20-3------

Generation = 24, Population = 470.
--622-----1202-31-54---2-311-2----1----2-5-1------
-----43-------------3--22-------3--1----7-------00
46-7-8-204------4--4---5-1------3------7-2--3-----
--4318-3-41-33-5-42--7-3-----1-23---23515---6--41-
-5--95--25---3-245-2----1------4---2-----------221
35------3----7-2------------2--63-------2--47-----
--5844--7--7-------6-3-34-424--2-431-3----1------2
----4---4------------1----2--------2-----4-------2
--52---5---64--2----53----2-3--3-2-2-----------6-3
---4-9--------1-3----------2---31-------74-9----3-
-5----6-5------3-1-1----0------4--------1--1------
--475--2--3117-0----21-4-3--3501------314---413-4-
-81-33-5-7--35--02-3---121-------------311-3------
1----6-837---4--5----3-23----3---1--4-11---3----5-
3--95------+-3-----43-----2--2-00-1----2-204-2----
6-5--8------55--3-5---73---5-2---12------1-3------
-4-73------------------0----02----1----6-1-5-4----
-3-4-33-1--0-------14---5--------3-4---41-----5--1
2--8----25-3----3--0---3---2-------1-----5--1----3
--1235-----42--3---7-46+----2221----412----7--2-4-
-46--7---7111--2-1-422---1-----11--1-------------4
-9---61-0-2--6-6-6---3--77---631---4-5------5-46-1
---4--54---22--------0-2----------1--0--0--------3
-6--153-193--433---2-1--113---49-4-3-3-----------5
---5-5---4--------1-------3-3--1----------0----3-2
---4-------607--2--3-9-----13---2-----1-33-4--55--
---3----1----------3-------------4-1----04-7----12
---65------6-4-----226-41--1-31----01-3-----232-12
-5-5-----053-1---01-0--1----3-----0----2---3------
27+--2-6-5---54-3-0--324---3-5--0-----21-1-4------

Generation = 25, Population = 699.
-67-3-2--22--3-42-65--2364-2--3-70----0-2---4---00
254---4-063302-1--23-0133111-2-142--5--4-4-32--011
57485-1-----10-------43-1-0--4---4-540-8--2541-1-0
455429-4-52-4--6--371--4-2--3----7--3--26--3731---
-6----2--------3--3-33---3--346-2-6--221---5--0-32
4--2---5---338-3-8---2-7--4-33274-1--1-3-5-583-33-
3-6-5538-27-24-4--4--4-45----21335----0-2---0---23
---45---56--3--2---2--1763----------14--1------41-
-96--27---5752-----06-4--132-6345--35---0--3--1-24
-3-5---23--053-----062--3-----542--4---5-5-+9-----
3---5--2-47523-42----1-----433--------4---22-41---
-4-----3--4-2--1---432-5-4334---4----2425--15-4--0
-9-5----38---61--3----223-3-2-12-0--7-0422-4-00---
2-6317----63--236---------5-1411---1--22----43-3-1
-0-+63-4351-4-6----54-2-52--2--11-200--3---5--0-1-
71-28-4-----6-22----328-4---3-21-234----0-1-1-----
-53-448-7--404--3-115--1----1-3--02---3722-6-----0
-4--044-2-410---1-0-51-3-3-222--2-053-2-25-25--742
------12-6-------26--0-4--4--121-032-328--3--4---4
5--3--2-3--5-724-34-0---24--3------15-35-34--2---2
4--------822--2--2---3-1-22-1-022142--0----53--3-5
2+-60--3-8334--7-736--3-8-4-47-----5-65-3--+--57--
--1--1655173323--0-22---5-2--2-----11-24-3--0-122-
0-1326-12+4--5-40----22-2--1335---0--44-3-1----13-
-83636---5-24-5031-2----1-4242-2-0-3-10-2------4-3
--0-12--5417-835-0-4--4----2-2-----2-1----55446---
--1----3-2--2---3-1----11---222----2---0---8-3----
-60763--15-7-52--1--37--251-1421-2--2---14-43-3---
-6+6-2-53--------1-110-----0-20-00--1-030204-20-00
38+-5----6-66-5--212-4--4-2-2-20-01--13----51-----

Generation = 26, Population = 739.
------35-----4--3---2--47-132--5--1-12-2----51----
--5--4--174-13-2-1-----4-22--312531-6--57-4-3-4-22
6--9-82-0---2-1---------2-1--533---6-1----3---4221
--653+---63-5-3754---7--23-1412--8--43-373-484--1-
27--9--7-553-31-4-42--2-14-145-43472---2-21-1412-3
5----76630-44-----1----8-------8522272-42---946443
4-------7-873---2---5545--4---2446--23-23---1--534
0445-5--6-5--2031--3---87--0-----1---5-3-4-03--522
4-72-38---68--02--31-35-3--3-745-22-----1-14-6-6-5
-43--9--4-41-4103-2-7--3--3-21-5-415----7-2++---31
-5---46-5586----31--4-0700--44-4---1--521-33-5-2-3
-5475-24-35137-2-215--2635445-0------3-3---26--24-
-+16-3--4901-7-2--231-3341-2-3--2-1--21-33-5------
--7-2-+8-7-4--3-7--11--2--6-2-22-1-244-3-1-35---5-
311+--45---+5--24-16-33--3-3--1221--10-4----0--1--
825-9-5--32--5-3--524--35--5----0-----0711---52-11
-647559-82---5--4---60-2-0---24---3021----074--4-1
05-4-5513552---124-1------433-1---1642----4-6-58-3
23-86-23----1241--7031-5-1--2--22143-4---54--534--
651-3532-7-6-835-4---4-+3-144---2-22614--4---3224-
----4-53--33--323-24--0------21----3----31--4--4-6
-+071--409----0--8-----297-----141--1764--3+53-8-1
--246---6--44340-14-3--2--3-3-------2-35---------3
-624373-3--616---2---33--13-4-6----3--5341-44--2--
-9-7-7014---5---4--361-12-5-532---04-2--32-503-51-
---4--3-6----94--12549-----3---4-21--2-43366-57--4
------3----4-3------31-2--0------433-11--4---40---
1--8--33----3631-2----5---21---2132-3231--554-4112
-7---3-6-0--01--1-1-213--01---1-11-020--13-5-3--11
49-5---6---77--23---3524---3-5-10-21-2--21--2-4-20

Generation = 27, Population = 746.
--7---46-22--50----5-12-84--3--6--2--3-3--11-2--00
25--254---5---2-2-2-3-15-33---2----1724-8-5-4150--
-74+593-14-6-0224----4--3-2--6-------23---4-------
--764--4---3634-65-71--43-0-5--2-9-45------59-1420
-8--+5-8266--4-355-33--4----5-6-4-8-2-2---252-2--4
-----8-74--5--0--82-5259-14433-9--338--5--35+57-54
--68--3--2-8--5-374-6--6-1---23557---4-3-------6-5
1-5--6-27--3-314-2-4--1--3-146-------6-4--1---7633
5-8--495-37-521323--646-41-43----3---5--21-5---7--
----4-525452-521-2308-143--2-25---2-5-0---3-+3-242
3-46---2-6-7--04--4-5---1-0-5-3512-24-63---4---3-4
46586--5-4-----31-2-323----5----4-0114-455-37-4-5-
4-----255-123813--------5--3--1--0---32-4---2--3--
21---7--386-----8142--43-4---4---223552422---3---1
-2-+635-3---6------7-443--24-2-33-2---1-----1---13
--6-+8----3--6-434-3-2--632632--1-34-218-2-3163-2-
675866+2-31406525-11-1-35----3-030-13--72-----052-
-62----246-3----35025----35--22-2-2-532----275-9-4
344---34--432352-281---65-42-1-33--4----1--1---5-4
-6234--3--172--61-4--56-442---2-34---255------3-5-
4----7-4-84-1-434-352--1-223-32--1-42---4---52--07
2+1826--1+--4--7-9363----8--47-2-22---7---4-64-9--
-13-7-6---7-5451-25----3-14-421223--3046-31--0--24
0-3-48-1-+4----4-3-22-45-24--379---4---45-----33-5
6+3-3---55--6150-1--72423062---------3-343061-0-2-
-3051--174-7--55-2-6-+4-7-1--2----223-154---46----
3----3--1-1-2-10--1---2-1012-----5-412-0-50---1-1-
--0-6---15-----21----76---321--32-----42-4665---2-
38+-3-+---5-1--121---24-21-0----2---31----06--0-22
5---52573658--53-212-63544----22-03-1331--0--2----

Generation = 28, Population = 671.
1--23--7-3-206-43---22-49--3-2--70---40--5-253--11
3-5--65-176--3-23--3---6---13------2---5---352-1-2
--5+-+-225172---5-644--541-2---3-4--4--8125--1--21
-5-75+-52-------7-----2---1-6---3-35------4-------
2------93-73-5-4664-4----4---5---49------2--34--3-
-522-96--0-64-1-49-56--+----4--+5------625-6+--465
44-955-87---3--44--67-47----43-6-8-1-5--3--51437--
2---57--86-43-----0-4-2-----5--32---1--5-----18---
6-92--+6----6----4-1--75---5-74-5----6--32---6--2-
-----9----6-5--23-4-92--4--3-3--24-5631-7---+4-3--
45--5---5-882--5---1----2----4--23--52---2-505-4-5
5-6974--25--37142-3---46---6----5-122---66--------
-+163-36--------03-311----342--2-11-74---3--3----1
--73-8+-4----43-9---1---3---25-2--3--6--331-5-23-2
-31+7-6-4--+---2------5--3--2--4-1-010-41---2201--
827-+9525-4-672-455----3--37-321-2--232-1--42--2--
78--77--8-25-7-36--262-4-0-0--41-1---13-3----4-6--
073-0553----0--1-6--6---54--333--3----3---4--65-45
4-5-6245----3--------1-7--53-2-44--------542-5-625
6-3-5---3-283-37-4-7-67--534-231--2--3-62--77--262
54--48-59--3--5--246----03341-----453----105-----8
-+2-3---2-33--0-3--7-3--9-4--8-3433---8-3-5--5--1-
2-44----618----2-3-2---4-2----2-----4-5-04-3-1-23-
1---593-3--6--3---43-3-6235---8--40----5-1-44--4-6
-+47---1-6--7-61--13-3-341-35-22--0---04-----315--
0-1---32--1-0-66-32-4-55---33-5---33--2--3---77---
---33-3----4---1-----1-------2-6--3-23--0-------22
--1-7-33-65----3--0-3-74-5--2424---0-25----763-1--
-----3+--063-1-23--12351--11--123-00--0---1------3
6-+5--6---69-56-3--3--4-5-23-533014--4-2211-2---20

Generation = 29, Population = 763.
26-34---0423-----3--33--+4143-368121151-2---6-0-2-
4-60--6----314--41-4301-33324--25-1--2-6----63----
6---5-3--62-3-----7554---2237-3-3--6-23------24-3-
--7----63---63-----7-7--33-1-------6---373559----0
-83-+----68-4-15-75353241---5-6445-----2-3---52-4-
5---6-774-3--8--5-2-72-+31-4532-6233-2173---+5--76
--6-6639-2-8-4-5----8---5--254------2-034-1-254--5
--55---2-7-543-41---5--8----66-------63-14-0-2--3-
7-+3-4+7-37--2-3----6--6--363-55---357---31------5
-435---25472-52-42--+3--5334---53--67-2-85---5-4-2
-6--64-266--3---3-4--10-30--55353--26---13-61--5--
6--+-5---6-----5-2-53-57---7-5--6---34-47713-1-2--
-+-----759--3---142422-35145--132220--2-4--5400322
-184-9+858-42543+---2-43--6-36--024-5-2--42--3---3
---+---5-5----6-431-44------32---22121152-0-3-1213
---2++6-6-5-783---6-42-4634-3432--3----8-215-6--2-
895888+29--6-85--1-373-55111-35---3---4-4207-507-1
18--1-6---5-1-223-0-71-36--344-1-42---442-5-776---
-4--735---4--35----1-23--1--2---5-4--428-65-163--6
-64--5334-39---8-548--8----54----43----734488-3-73
--6459-6+84--2-----72-01-4-5232-2-5-4-04421--2-409
2--84----+--4617-9----3-+-5---34-----79-4-6+665-2-
31-571657--4--5-4-5-3-25-34---3-2--1--66--1402----
2--46-414+---644---4-4-73-6-43--35-44-5652--55--3-
6+58-7025---8-7-4-2-74445-6---333----3--4--6--2-23
-32512--7--71--7-4-6--6--11--264-244--3---6-4---64
3-14---3-21-----35--3-2--0-223-7254-3-10---80-1-33
-6-88344---7-63--2-24-------3535--213--21--8-4----
3--6-4+-3----23--1--3--------22--1--311-1-2--3-0-4
--+65-77------734214--55-----6441---1-33-----2-43-

Generation = 30, Population = 748.
-77-55471----6---46----4-525--479-3--623-5-273---1
-57-26721-6-25225-2---2-----532-6322-------3--5---
77----4--737-0--5-8-65--433----344-7--4812554-5---
4-87---746-374-7-53-------126--2-93753---4--+4--2-
-9--+52-37--5-2668646--524-165--5----2---4-53-3-54
---2-9-85-4--9-3-9358-5--2---4-+-3-4832---36-674--
4479--4+73893--64-46---76-4--5--583---1454-5--5736
246---2---5--4-522-4-129--217--3---21--5----33-6-3
-9+4-5-844-8--1424-1--77---7-76---2-6-4-342----7-6
--4----36-835-32-3-0-----44-2356-42783---6-+---5-3
-7-67---77----0-4---5--7---466-6433-7-6-243-251-05
-66-762-2-5---1--3------3--85601--12-545-8-4-24--0
-+------6+1-4-13-5-5-3-4--5--32--3317-34531----4--
2----+--69-53-5-+1----5---75------5-66--35--542-5-
-3----66-6-+-3-2----5---53-443-4----3-263--5--2-2-
82-3++--73-18944457353--74-7--431---2329----273231
-+-9-9---32---6----4-4-6-22--4-1---1-15--3--46182-
-9------4663--3-46---22--4--5-3-2536--55---2--7---
---8-46-26---4-232823-----53-------41539--622746-7
6---5644-74+3----6-9------3-5-3-354263584-----42-4
5--56-5-+9---3------3-120-3-3--2-16--1-5-32553-5--
3--9561-2+--57283--7-3----6-4-454-35-8+-517+7-693-
42-6--76-18--4---3-2-0---4524-423-12--7-0--5-3----
-6-5--5--+46-7-50-4--5-8-3--548-46--54-763-4---44-
-+69--136---918--1--8555-1-353-4-00---0-5---1---3-
0------28--8-9---52-4---------75--55--4-43--57-575
---53--41324231-46134-32111334-8-65-4--------4----
1-19-45--6-----3---3577--5----4--3--4-5--4-965-12-
------+--0-31-4----14351-----332----4---2---0--12-
69+762-8---------3-5-6665---2-5-2--124-4--1-23--4-

Generation = 31, Population = 741.
2----658-42--7-4-5-5-----6-6-----14-17-4-----4--2-
-6---7-3-7733----1-43---3---6---743-72--8---6-61-2
--5+5-522-4----264--76-55----6--55----5--3-6-2623-
5-98-+68573-8-48--4--7-4-3-3--23---8---3---5+5143-
---5+63-4---6-3----5-3-6--3-7-64-59-2---052---42-5
5--36+--6-5-4-1--------+33-4-----435-4--3547+7--7-
-58-6--+8---4457---7-54-715--6366941---5-516-5----
--75--32-765--16--0--23+-3-286---103-6361-1-448-3-
---5--+-55-9----35--6---4138---5--3--7-4453-261---
-455495-7-946-4--4-1--1-555---6-3----42-8----5-64-
48-7--6-888833-5-1---10--0---7-7-44-8-733-4-36-516
677+--3---6137---43532-7-5--6-1--12--6------7----1
-+--3-377+-25-241-----3--165----24-2---56-2-4-0--2
-1--2----+6--56-+-422---3-----22--6377244---6--363
341+7377-----4-34-1-6-53--25-415--21---7--0-32-2--
93------845--+55---46-8--548-45-22---4---2---8-3-2
---+8++-94-60------57-4-533----231-23-674-0--7-9--
1+3---63--741-42------3-655--4-13--7-36-25-377-945
445-7--5-74---534--34-3----42-----4526-+-673-----8
76-3-7-5-8--48-8-74+0-8+45-56--146537-6-5----3-3-5
-46-7--6-+-314-342-7-32-1----323--75---6--3664---9
--2+6-24-+-36---4-3834-2+--4-----34----4-28---7+41
------8772------4-53--255-6-525343---086-4--0-----
--3-69-1--571-461-----49---165----0-65-8-4-5-535-6
----37-4--62+-9--223-6---2-46--53---3-14-3--2--5--
--2-1--39--9--6--6-6----7-1--2862266-25--466---686
----4---24-5-421572451---2---5-9---453--0--80-1--3
--2-85-------63--2-4-884-6-2355524-1---2---+7----2
-8--34+-31-42----1125----1---4-3-1----1---2--30-34
7----37-36-97-7-4--63-7764-3-664-14235---1---44-50

Generation = 32, Population = 175.
----5------------6-6------------------------------
---0-8--1---4-----------4------2------------------
7--+6----------------------3-------74------7------
---9---9----9-----------3-1------------------6----
---6+--9---3---------4---4---------------6-5-5----
-------------9----------4----4---5--8-2----8------
-6--7-----------4---------62-------22--6----------
-----7----------------4+-------------------0-----3
-9+----8--------4---------4--7----4-6-------------
------6------5--------2---------------------+-2---
-9------------0-----------------4---------------2-
-----6---6-------------------6---2---------4--42--
----4----------------------6----3--3--------------
----------7----------3-------------------5-3------
----8--8----6-----2----4---------------8----------
---------56---------7---------------------1-------
---+---2----------1-------4---------4-------------
-+-------6-5---------2---6------------------------
5--8------------5-------------------3-------------
-7------------3------69-56-----------3-------4----
----8-----------5------------4---18----7----------
-------52--------9------+8-----------8--------8---
---6----------5--------------3----1----7--------3-
-6----5----8-------------3-------------------6----
---94----6-------------5--6--3------4------6------
-3----3----------------5--------3-----------5-----
---5-----5-6-----------2-3-3----2--5-------9------
----9------------------5---3-------2-2------------
---6----------------------1-----3---4------------5
----------------------8--------------6--2---2-----

Generation = 33, Population = 473.
--------1---0---3---3---+------7------------------
4-71--73-7-3-5---1-4---6-3-2--2-7--27------3------
-75+7--22-------------------7--3--3852----5-42----
5-9-5-6+5----4-------7-4-3---------85----4--+71---
--3-+63+4-8--5------6-2-2----5---5--2-2-0--6-64---
-5-3---8---64-1-5----2-+--445-2-6-3-9----549+7----
4-89---------4-7-7----47717356---943-5--5--------6
--7---32-------------25+7--2-6----03---6--1-4---3-
7++5-5--5----2-4-5-----7-1-83-6--3---7-----52-1--6
--5--9------6---4----3-4--5--3--3-2-8------+---64-
4-4--46--8-----5------0------7-7-----------63----6
-7----3-2-6---1------------86-1-6-22------1-7253--
---6-----+1----------3----6-23-3--3-7----3----04--
-------8-+-53-----4-2-53---5----0--3---44---6-----
---+-37-46-+-4---3-7645-5-------------2-3205------
---3+---86718------4-3-4--4---------2--9-2-5------
-+5-8-+-9-26-----1-574-----1-------2-1----0-------
--3----34---1---4-0-7-3-6-------------------------
-45-7----7-3--53-2----3-5----------5---------7----
--435--------8-8----07+-673--2---65---68----8-4---
-4-5-9-6+-----53-----32-----3-2-2295--0-4----40---
---+6-263+----2---3----2+96------3--1-+------6-+4-
-24-7-877--4-4-2-3------5---5-5--3-2-08-0----312-4
2-3-69-1-+5-1-4--------93---------0-6--8---55-3-4-
--6+57--6-62----------565--46-3-3--4-3----0--3----
0-2-12-3---9----------6-7113-2-642-63------6-7----
-41---3-2---2---------3----43--9365653----0-------
---9-5---6-7----------8626-43-----234-5----+-----2
--+-------------------51-1-----3-1---1--2---0---3-
---7-----------------6-7--2-----2-----34-1-5-4---0

Generation = 34, Population = 470.
2-73--5--------4-----3-----6-------11------2------
-6---88-----4-2-------2-4----3---4-----------3----
78-+-+53---7-----4-5-6-------6---54--35----7------
-5-9-+--673-954-------2-3-1-61-3-9--6-5--------4--
2-46--4------6--6--5------31-------------6-7-7-2--
---4-+-9---75--3-------+4--5------45+-2-36-+-----6
-6--7-4----9--5-4-4--5--8-8-6----+--2-1----6-5----
---5--43------------536--3---7---1--1-3--4-05486-3
8--6-6---5------4-3-----4-4-4--5--43--44--------2-
----4---74-4---2----+-255----4---4--------3-+--753
-9577--2----3-------------04-83-4--28---------1---
---+--4---71-7-------25----9-------3-------4--6-51
-+1-4-37----5-2---2----4-1---42-344--4-5--------2-
-----+--6-7-4------23--4-----6---2-----5-52--423--
--1+8488-71---6-4-2-75---325----3--131---3--------
-3-----2978-9-----7---8--5--------------13-62-----
8+-+9--2-4--0-----1-8--65---1-----3-4-67----------
-+-4---4--75-64----2824-76-3---------3----5--7----
556884-5------6-5---------5--2---1--3-3+----------
-7-4---548-+4---17-+18+---45-------3-3-9---8--53--
5-6---5---------5-4--------5-4--3-+6-1-7-3------0-
-----6---+33--38---8-4-3+-74-------5-8-4----7---5-
-3-6-1---2--5----------5--62---3441--1-7-4-5--2---
-6-57-52-+---7---3------43-1----4----5-----66-45--
-+7--814-6----9------6-76---73-54--5--14-3-6-4--3-
-3-5--3-9--+---------+-5---4--8---67-2----6--87---
-5--43-4---6-4-------1-----5--2-476--4---5-9-4---3
-62------------------897-----5--24-4---21---------
-8-6-4---1-4-----------222-13-3-3--0--1----6---1-5
----6---------------3-886--3----------452---2-4---

Generation = 35, Population = 730.
-7845-68----0---3---3---+-2-32---14227----1-74----
47--2-9----------1-4-0---3-2642-75-2724-----6-6---
89-+-+64-7--30--6-----3---3---335658-4-8--5-42-2--
569--+6-7-43+65875--------237----+-8-363-4---7153-
-957+6--478367---86-6-26-4---5-4-592-----7-8---355
55-56---6-5-6---5-35-25+-346------5---3-4---+--47-
4-89-65+--8+-4-7---7-6--91-3----6+-----65-1-26-7--
2476---487-5--1----4647+7-2-8-0322--2---1----5-73-
-++77--8-679-------1-4--51---76-5354-7-54535-61736
14555---8-----4---41--3--5-4-5-6----8-25-6---5-864
4+-8-4---888---5----51-7301---4---4-92----46362---
--7+7655-682------3-336--5-+6----2-4-6-5--1-727--2
4+26-3-8----68-4-5--23-5--662-3-455-7--66325-0--3-
-1-42++8-+8-55--+-43--553-7537--03-37-26--3365-4--
--2--5----2+-4----37-6-45--644-5--22-228---53222--
-4---+-3----++5-45-4-----6-83---2-34-42-2--738----
9+--+++-952-1-6--1259-47-3---4---1---178-30747----
1-3-156-4-8617-24--39-53-75--4---53-5-6--5-37-7---
6----5---74-3-7-6-------5-642-2-5-4---4-1-73-746--
78-5-7---9-+5838284+--++-7--6---46-4746-544-8464--
-4------+-4-1-5-62-73-221-3---23--+7------366-0-19
3+2+67--3--4-749--------+--548-5-346----5----68+61
44-772-77-----52-3-3-0265--35-545-2-4--8---6033-3-
2-3-8-----5-----1-4--5-9-462-5-9--0466----1776-6--
6+8+-9--6762---1-2--87-----48436-0-64325--07252--3
0-2--24---1+196-----4--6--15--9------3-5-4-6598686
3---543---27--2-----5-----163-3--8-65510--0--5--3-
173-9--4-6---6------5----6----553-2542-32----5-1--
39+-3-+-3---2-------535333--44--4-014123--2-------
-9-------6-9-------6--99--24--6-2--2-6--31-------0

Generation = 36, Population = 456.
-------91--3-7-4-------4-6-6-------33----5---5----
-8-138-3-7---5--5---3------375-2-6-38-5----3------
9+5-7--52-------74-5---5--43----6--95--91------3--
---9-+-+8--4----8---1--4----8-2----------5-5------
2+68+--+5--4---66--5-4---53-------+-22-2-8---7-4-6
---6-+7-70--79---9--8-6-44--54-+656--4-75-4-+-75--
---+77--8---4-5-----8-47---4--3-----2--76-------3-
-5-7-7-5----4-----05----8--2-7---3-----6---0--88--
8+---6+9----6-------657----8-----4-5--4-56-6-7----
--6------4---5---45--3--5-5--6---4--9-3-873-----7-
-----5-2--9-3---4------8--246------2--------4---2-
-7--------9--7------4-77-6---6---3---7-6-------3--
5+37----7-------1-2----6----34----6-8--7----------
-2-------+-5-66--1---36--------------7-7----7625--
-4---------+-------8--5----7----3--33------6----2-
-5----6--7---+--5----38--7---4---2---53----8-9-3--
---+---2---6--7-6----------1-55--232---94---------
-+------5-9--8-3--------7----5-------3---6-4--8---
--68----------8---8-4--7-----2--6-5-----2-------2-
-----84--+-+-----9---8----4-72---7--------5--5---5
5---8--6++--2-----4-4--3-4----3--2-8-10-----------
---+7-2--+--68------34-3-9--59--44-------28-7-----
5------8-284----4-5----7---4--6-64--5-8-----1---4-
--4-99-2--6---46------4+45-3-6-----5-----4---7---6
7--+5+-47----1--4--3--5--265-54---0-5---5------5-4
-33--3-39-2------6-6--6-71-63-------3-------6-9-9-
---5-5-------431---4-1-2---74-----6-6--1-------24-
28----5-1--7-------4--97-7-4-----4---3-434--76----
----4--6-1------------64----553-----5---2--6-3-1-5
-+--6-7-----------1-------35----31-337--42------5-

Generation = 37, Population = 715.
-7-4566-2-2--8------3-2----7-2-7-14--72-2-127-0---
-97249----73462-6----0---3-4-6--7--49---845-63-1--
++6-8+66---7-0-285--7-36535-763---5--4-+2-----6-3-
--9+---+9745+------7--2533-----33-38-3---6--+7---0
3---+6--6-85-737--6----6--41-5645-+-3--309-8--45--
55----89815--+-3--3-927+5---652+---5+5-8-6---78--6
-68+-8--9--+-4-7-74-9--89185-6--6-43--18-5162--7-6
-6-85-46---5-41--21664---32-----24032--714115-99--
9--77---56-97----5--7687---94---5----755--37---73-
1--5--6-8---6-4--561-4----64--6-3527--4--84-+5-884
-+5-7---8-+--3-5--4-51-9----78----4--2733446-6--36
-8-+-6-526+2--1---35--88---+671-6--4---77---7-7---
6--84--8--12--24-5-5233751-64-3------43-6---400---
---4-------6-773---334-----537--0-637--84---8--6--
3-2---8---2+6-6-433-76-4-32-44-5--244228--07--22-3
9673-+--9-8-+--565-474-47-4-35---3---64-2-19------
--5-+----5--18-371---44-534--6623--34--+5----719--
1-----------1-----0-9----7-35---35-75-652---77-94-
--79856-2743----------3---6---24-1-5-6-+--73-746--
7-45-95--+----3-2-4-1-+-----8----8-4-46-54-88-6---
-4--9-57-+4-3-------5324-5---4-3-----217-3--64---9
--2+---6-----94-4--8-5---+7-6+45-54618--539-86--6-
-447-2-9--95-45----330----65-3----2----8--162--2--
-6-5------7---571-44-5-+--6--78-46--6-5---1---46-7
--8+6+-5-7--+-----2487--63-68-56-0-663-5----25--35
-445-------+--67----4-768-17--9----7-3-54--6----+-
3----6-4--2725-2572----3--18-5------7-12-5---5-3-3
39399--4--5-3633--055--8---5355-3---4---456-8-4-22
3--654+-3-64------12-3--33116-434---61---32-04--3-
7-+77----6-------3-6--99-446-66442-44845-315-4----

Generation = 38, Population = 699.
288-677---3--9--3--6-3-4-628-3--925--83-35---5----
-+83-+9317-4--327---3-26-4357-----35+25-9--3-4----
++7--+---74--123968--6-76-63874--669-5-+-35--2-3--
---+5---+-5-+65-85---7--4-238-2---49646-775-+815--
4-6-+7-+--9-6---687-642-2-527-7---+-422--+---7-65-
---66+9----77-1-5----------67-3-6-6-+63-5----8-577
-7--7-5++--+--58--57-6--+29667--7+-42-296627--58-7
-779-757876-4-2-232--------287-33-143-38-5----++-3
+-+8-6---7------4-31---8514-5765-4---86--64-27-8--
2--659----9-75--4-72-----57-2-----3894-5--5-+-----
--6---6--8+-----4---6-0+3-24--4---5293844557-7----
-97+----3---3-25----43-9-64--8---3--3-4-8-1-8-8352
--395-39---36-3---263448-2-75-43--6--54--3-55-----
---5--+8--8-58-------5--3----------4-72--53-9-2763
443+---847-+-47--44-87-554-755-----5533-33---23---
---4+--3-791-----675858------6------2---3---39---2
--6+-------629--8--59-57-4--1----23---7-6307------
-+-4-56-5-9-2--34--------8-46--1---8-37--65-88-+55
-5-+-6--38-4--8-6----247-----2356---37-+2-8---5---
-8----6---4+58------28---745--3-49-5-5--6-5---7--5
--65-9----5-------4--435-6--35343-+--328----7-----
-+---7--3+-4-----939---3+--57----65----464-+9-8---
5-58---+72-6--6----4-127--765-64643--1----2----3-4
27--------8-1---2--5------73---95---76-8-42---5-48
-+---+-------1--42-59--7-4--956741--7-26--0-36----
-55------4-+1-7--6--5+87-1-8--+--268-4565-6-----+6
45-----525-83--3---------3-9463-4---852--6-9--1--4
4--+-5-5-6---7----166-99-73646-544-5--5-5---9--1--
--+7--+6-1-5-242---35--4442---545---7--3-436---14-
8-+8--7----9----4-173-++6-5-277553-559-6--26254-5-

Generation = 39, Population = 770.
39-478--2---0---466-3-25--3-3-47+--------612760---
4+-44++-----46-38-2---374----62-7646---6+4----61--
++-+-+-62------4-795-73--37----367-+----------643-
-69+-+---7---7-8964-------3-91-3--5+7--38---+--6--
----+-4--7+5---7798-753-3---8--455-25-330+----47--
55-7-+-98-----236--59-7--447854-7575+748664++9868-
48-+8-6+---+44694--8--48+-------8+--353+77-82--93-
--8-5-689875--36--36-4-+--2--80---25-64-1-115--+-4
++-97--9-87--214-54-7-89-2-968--5-5-6--55----81936
346------4+-8642------3-5-843--6---9+5-6-8-++5-8--
4-787--2-9-8-30-514-711+4-35---7---3-4955--8---536
6+--------+-4--6--3-5---3--+--116-2-4--79-2-929--3
----6------4784--53-4---536864544-----57-4-660----
228--+-9------7--1-33--544---722---57838-643+6---4
5--+---9---+6-834--8-85665-8--1---2-64------3---2-
9675++649--2--5---86-6-47--8375--33-3--9-31-4---3-
--7+-++2952-3+7-9----4-8-54-2--2334-4-8--4184--92-
1+3---7-66--3--456-392--79-5---2-5--5---2-64998+-6
6--+-765-9-53--372-----85-6--346---5484+-6-32-6-2-
79---9-54--+-9--2-4+39+-6--6-2--5+5-7--97-6885847-
-476-+--+-6334----5-----17-5--4---+-4---433-84---9
--2-782---356-4-4+4-3-34+---8---4-66-----59+-----1
6-69728+8-97-4-243---2---4----7575-2-28-043-2-3-45
---5-9-24--8--573-4--54-----678+6605--59-5377--65-
----6-1--762+--1-------8-5-6+-785---8--7----47----
-665-3-3-5---9---72--------932--4--9---7647-6996+-
---5-63--6------5724-1--1-1+57-95866963-0-0--5---5
5--+--5-1-5--8---227--+-28475----5--4-64-56+-6-2-2
-9-85----2-6---3--146365553--5--61-18--4254-04---5
----738--66+757---28--++-46-3-8664-66+-74--7--5460

Generation = 40, Population = 472.
----8--9-4-31------------6---3----53---4----------
5+-55-+----4-7------3-485----7--87--+-57---36-7---
-+7-8-673---3-2----6-8---4-38---7--------3--42--41
----5+-+-8-5+--9+-5-1---4-4--2--3+6--4-----5-81---
4-68-------667-8-+-5---------5--6--362-----8---8--
---8----9-5-7---7----2--55--9-5+8--6-8-----++-9--7
--8--8-++3-------7-----9+--66--6--44---+---93--+--
-7-------98--447----6---------13---6-----522-----5
---+-6-+598----5-6-1-6--5---7-----6-78----4-2-----
45-6----85-49-----------65----67----+-4-------2-8-
----856--+------6-----2-5--6-------4-------94-----
-+-+---5----572--4----8---4--------4--48-8---3+--4
--39---9---58---1--6-4--64-9-5---563---865---1----
--9----+6--------24------5---------6894----4--2---
-43+------2-7-9-5---8------9-5----357----------23-
--8--+7----3+----69---85-7--4-----4--------9-9---2
-+8-+--3-636---3+-2----9--5-3--------------95-----
---4-5---7---------4--53-----5--36------------9---
-5----7--+----8--------961-42------6-------43---3-
----5-6------+3-39----++---7-33-6--5-------9-69---
--879---+---4--------4--28-6---4---853---44----5-+
3--------+4----9-+---54--+---+--56---8+-66-+968---
---+8-9+---85-----5--327--7----6-----3-81-4-3--3--
2--6-+----8---6--3-52-5----------7------6-4-8--7--
-+8+---5---3+--2-2---7------+--96-06-3------5-----
07--14-----+--77-----+-781-+---6---+34--7-------+-
45-------7-----36------323-----+69-7+---1--------6
--3---6-----3-33---8-8+939-8-6-54--5-3-----+9-----
---------3-7----3-2----66-4-6----2--9--536--1-----
-+----983--+--8--3------6----79-7---7+--------6---

