*** Life<Cell> 43x56 ***

Generation = 0, Population = 26.
------------------------------0-------------------------
--------------0---------------------------------------0-
--------------------------------------------------------
---0----------------------------------------------------
-----------0-----------0--------------------0------0----
--------------------------------------------------------
--------------------------------------------------------
--------------------------------------------------------
--------------------------------------------------------
--------------------------------------------------------
-----------------------0--------------------------------
--------------------------------------------------------
--------------------------------------------------------
-------------------------------------------------------0
--------------------------------------------------------
-------0--------------------------------0---------------
---------------------0----------------------------------
--------------------------------------------------0-----
--------------------------------------------------------
--------------------------------------------------------
--------------------------------------------------------
---------------------0--0-------------------------------
--------------------------------------------------------
------------0-------------------------------------------
--------------------------------------------------------
--------------------------------------------------------
--------------------------------------------------------
--------------------------------------------------------
--------------------------------------------------------
------------------------------------------0-------------
-------------------------------------------0------------
--------------------------------------------------------
-0------------------------------------------------------
--------------------------------------------------------
--------------------------------------------------------
--------------------------------------------------------
-----0--------------------0-----------------------------
--------------------------------------------------------
-----------0--------------------------------------------
--------------------------------------------------------
-----------------------0--------------------------------
--------------------------------------------------------
--0------------------0----------------------------------

Generation = 1, Population = 96.
--------------0--------------0-0----------------------0-
-------------0-0--------------0----------------------0-0
---0----------0---------------------------------------0-
--0-0------0-----------0--------------------0------0----
---0------0-0---------0-0------------------0-0----0-0---
-----------0-----------0--------------------0------0----
--------------------------------------------------------
--------------------------------------------------------
--------------------------------------------------------
-----------------------0--------------------------------
----------------------0-0-------------------------------
-----------------------0--------------------------------
-------------------------------------------------------0
------------------------------------------------------0-
-------0--------------------------------0--------------0
------0-0------------0-----------------0-0--------------
-------0------------0-0-----------------0---------0-----
---------------------0---------------------------0-0----
--------------------------------------------------0-----
--------------------------------------------------------
---------------------0--0-------------------------------
--------------------0-00-0------------------------------
------------0--------0--0-------------------------------
-----------0-0------------------------------------------
------------0-------------------------------------------
--------------------------------------------------------
--------------------------------------------------------
--------------------------------------------------------
------------------------------------------0-------------
-----------------------------------------0--------------
--------------------------------------------0-----------
-0-----------------------------------------0------------
0-0-----------------------------------------------------
-0------------------------------------------------------
--------------------------------------------------------
-----0--------------------0-----------------------------
----0-0------------------0-0----------------------------
-----0-----0--------------0-----------------------------
----------0-0-------------------------------------------
-----------0-----------0--------------------------------
----------------------0-0-------------------------------
--0------------------0-0--------------------------------
-0-0----------------0-0---------------------------------

Generation = 2, Population = 96.
----------------------------0-0-0-----------------------
---0--------0---0-----------------------------------0---
-----------0-----------0------0-------------0------0----
-0---0--------0---------------------------------------0-
---------0---0-------0---0----------------0---0--0---0--
---0----------------------------------------------------
-----------0-----------0--------------------0------0----
--------------------------------------------------------
-----------------------0--------------------------------
--------------------------------------------------------
---------------------0---0------------------------------
-------------------------------------------------------0
-----------------------0--------------------------------
-------0--------------------------------0------------0-0
---------------------0----------------------------------
-----0---0----------------------------0---0-------0----0
-------------------0---0--------------------------------
-------0--------------------------------0-------0---0---
---------------------0----------------------------------
---------------------0--0-------------------------0-----
--------------------------------------------------------
------------0------0--11--0-----------------------------
--------------------------------------------------------
----------0---0------0--0-------------------------------
--------------------------------------------------------
------------0-------------------------------------------
--------------------------------------------------------
------------------------------------------0-------------
-------------------------------------------0------------
----------------------------------------0---0-----------
-0---------------------------------------0---0----------
------------------------------------------0-------------
---0---------------------------------------0------------
--------------------------------------------------------
-0---0--------------------0-----------------------------
--------------------------------------------------------
---0---0---0------------0---0---------------------------
--------------------------------------------------------
-----0---0---0---------0--0-----------------------------
--------------------------------------------------------
--0--------0-------------0------------------------------
--------------------------------------------------------
0-0-0--------------0-0----------------------------------

Generation = 3, Population = 310.
---0--------0---0----------0-----0------------------0---
--0-0--------0-0-0-----0----0---0-----------0--------0--
-0-0-0----0---0-0-----0-0----0-0-----------0-0----0---0-
0-0-0-0--0-0---0-----0-0-0----0-----------0-0-0--0-0---0
-0-0-0--0-0-0-------0-0-0-0--------------0-0-0-00-0-0---
--0-0----0-0-0-------0-0-0----------------0-0-0--0-0-0--
---0------0-0---------0-0------------------0-0----0-0---
-----------0--------------------------------0------0----
----------------------0-0-------------------------------
---------------------0-0-0------------------------------
--------------------0-0-0-0----------------------------0
---------------------0-0-0----------------------------0-
-------0--------------0-0---------------0------------0--
------0-0------------0-0---------------0-0----------0---
-----0-0-0----------0-0---------------0-0-0-------0--0--
----0-0-0-0--------0-0-0-------------0-0-0-0-----0-0--0-
-----0-0-0--------0-0-0-0-------------0-0-0-----0-0-0--0
------0-0----------0-0-0---------------0-0-----0-0-0-0--
-------0------------010-0---------------0-------0-0-0---
--------------------0100-0-----------------------0-0----
------------0------0-0000-0-----------------------0-----
-----------0-0----0-00**00-0----------------------------
----------0-0-0----0-0000-0-----------------------------
---------0-0-0-0----0-00-0------------------------------
----------0-0-0------0--0-------------------------------
-----------0-0------------------------------------------
------------0-----------------------------0-------------
-----------------------------------------0--------------
----------------------------------------0---------------
-0-------------------------------------0----------------
0-0-------------------------------------------0---------
-0-0-----------------------------------------0----------
--0-0---------------------------------------0-----------
-0-0-0--------------------0----------------0------------
0-0-0-0------------------0-0----------------------------
-0-0-0-0---0------------0-0-0---------------------------
--0-0-0-0-0-0----------0-0-0-0--------------------------
---0-0-0-0-0-0---------00-0-0---------------------------
----0-0-0-0-0-0-------0-00-0----------------------------
--0--0---0-0-0---------0-00-----------------------------
-0-0------0-0-----------0-0-----------------------------
0---0------0-------0-0---0------------------------------
-----0------------0---0---------------------------------

Generation = 4, Population = 96.
-----------0-----------0--0-------0---------0------0----
----------0---0---0-------------------------------0-----
------------------------------0-------------------------
-------0------------------------------------------------
-------0-------0---0-------0--0---------0------11------0
--------------0---------------------------------------0-
-----------------------0--------------------------------
---0----------------------------------------------------
-----------0-----------0--------------------0------0----
-------------------------------------------------------0
-------------------0-------0----------------------------
-------0--------------------------------0---------------
---------------------0----------------------------------
--------------------------------------------------00-0--
-----------------------0--------------------------------
---0-------0------------------------0-------0-----------
-----------------0-------0------------------------------
---------------------1--0---------------------0-------00
--------------------------------------------------------
-------0----0---------------------------0---------------
---------------------1----------------------------------
-----------------0--1-..-1--0---------------------0-----
--------------------------------------------------------
--------0-------0---------------------------------------
--------------------------------------------------------
---------------------0--0-----------------0-------------
-------------------------------------------0------------
------------0-------------------------------------------
-0------------------------------------------------------
--------------------------------------0-------0---------
---------------------------------------0-------0--------
--------------------------------------------------------
-0------------------------0-----------------------------
------------------------------------------0-------------
-----------0-------------------------------0------------
--------------------------------------------------------
---------0------------01------0-------------------------
--------------------------------------------------------
--0----0-------0-----0----------------------------------
--------------------------------------------------------
--0--0-------------0-0----10----------------------------
--------------------------------------------------------
0-----0----0-----0-----0-0------------------------------

Generation = 5, Population = 314.
------------0-0---0---0-00-0-----0-0-------0-0------0---
---------0---0-0-0-0---0--0---0---0---------0----0------
-------0--0---0---0----------0-0------------------0-----
------010------0---0-------0------------0------00------0
------010-------0-0-0-----0-00-0-------0-0----0**0------
-------0-----0-----0---0---0--0---------0------00----0--
---0----------0-------0-0-----------------------------0-
--0-0------0--------------------------------0------0----
---0------0-0---------0-0------------------0-0----0-0--0
-----------0-------0---0---0----------------0------0--0-
-------0----------0-0-----0-0-----------0--------------0
------0-0----------0-0-----0-----------0-0--------------
-------0------------0-0-----------------0---------00-0--
---------------------0-0-------------------------011--0-
---0-------0----------0-0-----------0-------0-----00-0--
--0-0-----0-0----0-----0-0---------0-0-----0-0----------
---0-------0----0-0--0----0---------0-------0-0-------00
-----------------0--0-00---------------------0-0-----011
-------0----0--------1--0---------------0-----0-------00
------0-0--0-0-------1-----------------0-0--------------
-------0----0----0----0--0--0-----------0---------0-----
----------------0-00--..0-00-0-------------------0-0----
--------0-------00--0----0--0---------------------0-----
-------0-0-----0-0--------------------------------------
--------0-------0----0--0-----------------0-------------
--------------------0-00-0---------------0--------------
------------0--------0--0-------------------0-----------
-0---------0-0-----------------------------0------------
0-0---------0-------------------------0-------0---------
-0-----------------------------------0-------0----------
----------------------------------------0-------0-------
-0------------------------0------------0-------0--------
0-0----------------------0-0--------------0-------------
-0---------0--------------0--------------0--------------
----------0-0-------------------------------0-----------
---------0-0----------00------0------------0------------
--------0-0----------01*0----0-0------------------------
--0----0-0-----0-----000------0-------------------------
-0-0--0-0-----0-0---0-0---------------------------------
-----0-0-------0---0------00----------------------------
-0-00-0-----------0---0--0*10---------------------------
0-0--00----0-----0-0-0-0-000----------------------------
-0---0-0--0-0---0-0---0---0-----------------------------

Generation = 6, Population = 306.
---------0-0-0-------0-0110-0-0-0-0-0-----0-0-0--0-0-0--
-------00-----------0---------------------------0---0---
-------1---0---0---0---0--000-0-0-0-----0---0--00--0---0
-----0---00-------0-------------------------------0---0-
-----0---0---0-------0-0-0--110-0-----0---0--01..10--0-0
---0---1----0---0-----------------------------------0---
-------0---0---0---0-0-0-0-0--0---------0---0--00--0---0
-0---0--------0---------------------------------------00
---------0---0-----0-0-0-0-0--------------0---0--0---0--
---0---0--------------------------------0------------0-0
-----------0-----0-----0-0---0--------------0------0----
-----0---0----------------------------0---0-------00-0-0
---------------------------0----------------------------
---0---0---0------------------------0---0---0---01-*00-0
-----------------0--------------------------------------
-0---0---0---0-------0--0---------0---0---0-------00-000
---------------0---0-------0----------------------------
---0---0---00------0--11--0---------0---0-------0---01-*
-----------------0---*---0------------------------------
-----0---00---0--0--0*--00--0---------0---0---0---0---00
-------------------0---0--------------------------------
-------00---0--01-11--..--11--0---------0-------0---0---
---------------------0----------------------------------
------0---0---0--10-00--00--0-------------0-------0-----
-------------------------------------------0------------
--------0---0---0--0--11--0-------------0---0-----------
-0---------------------------------------0---0----------
----------0---0------0--0-------------0---0---0---------
---0-----------------------------------0---0---0--------
------------0-----------------------0---0---0---0-------
--------------------------0----------0---0---0---0------
--------------------------------------0---0---0---------
---0-------0------------0---0----------0---0---0--------
----------------------------------------0---0-----------
-0-----------0--------00--0---0----------0---0----------
------------------------------------------0-------------
--0------------0----0--.10--0---0----------0------------
--------------------------------------------------------
0-0-0--------0---0---01---00--0-------------------------
--------------------------------------------------------
--011-1----0---0---0----0-.-10--------------------------
--------------------------------------------------------
----010-00-0-0-0-0--------1-----------------------------

Generation = 7, Population = 742.
-------0------0--------1--1----------0---0-----0----0-0-
------0-1----0-0--------00-0--------0---0-0---0-1--0---0
-----00*-0--0-0-0-----0-001-1------0---0-0-0-001-0------
----01010-1--0-0-0---0---000-0----0---0-0-0-00000-1----0
---0010101----0-0-0-0-----00*-1--0---0-0-0-001*..*-0--0-
--0-000*00-------0-0-------000--0-----0-0-0-0000000-----
-0-0-0010-0-------0---------00-0-------0-0-0-001100----1
0-0-0-00-0-0------------------0---------0-0-0-0000-0--1-
-0-0-0-00-0-0-----0---------0-----------00-0-0-00-0-01--
--0-0-0-00-0-0---0-0-0-----0-0---------0-00-0-0--0-001--
---0-0-0-00-0---0-0---0---0-0-0-------0-0-00-0-----10---
----0-0-0-00-----0-----0-0-0-0-------0-0-0-00----01-----
---0-0-0-0-0--------------0-0-------0-0-0-0-0---000-0---
--0-0-0-0-0-0----0---------0-------0-0-0-0-0-0-01*-.-1--
-0-0-0-0-0-0-0--0-0--0--0---------0-0-0-0-0-0---000-0-0-
0-0-0-0-0-0-0-00-0-00-00-0-0-----0-0-0-0-0-0-----011-1-1
-0-0-0-0-0-0000-0-0100000---0-----0-0-0-0-0-----0-000-0-
--0-0-0-0-0110-0-0010-**0----------0-0-0-0-----0-0-01*-.
---0-0-0-0000-0-0100-*-0-1--0-------0-0-0-0---0-0-0-000-
----0-0-0110-0-0010-1*0-1-00-0-------0-0-0-0-0-0-0-0-011
-----0-0000-0-0000-1-10--0000-0-------0-0-0---0-0-0-0-00
------0110-0-001*-*-10..-1**00-0-------0-0-----0-0-0-0--
------000-0-0-0000-0-10-00000-0---------0-0-----0-0-0---
-----0-0-0-0-0-00*1-1-001100-0-----------0-------0-0----
------0-0-0-0-0-00000000000-0-----------0---------0-----
-0-----0-0-0-0-0-00-00**00-0-----------0----------------
0-0-----0-0-0-0-0--0-0000-0-----------0-----------------
-0-0-----0-0-0-0----0-00-0-----------0------------------
--0-0-----0-0-0------0--0-----------0-------------------
---0-------0-0------------0--------0--------------------
------------0------------0-0----------------------0-----
---0-------0------------0-0-0--------------------0------
--0-0-----0-0----------0-0-0-0------------------0-------
-0-0-------0-0--------000-0-0-0----------------0--------
0-0---------0-0------01100-0-0-0--------------0---------
-00----------0-0----0-00000-0-0-0------------0----------
-0-0----------0-0--0-0-.*100-0-0-0----------0-----------
0---0--------0-0-0--000-00000-0-0----------0------------
-----0------0-0-0-0-01*0-01100-0------------------------
0--0--0----0-0-0-0-0-00-0-00000-------------------------
-01-*--0--0-0-0-0-0-0--0-0.1*10-------------------------
--00-0--00---0---0-0----0-0-00--------------------------
---01-1-11--------0------0-0----------------------------

Generation = 8, Population = 118.
----------------------0---------------0-----------------
------1---------------0-----------------------1---0-----
-------.---0--------------------------------0------0----
-----------0-----------------------------------11-------
---1-----------0---0--------.--0----0------1--....--00--
-------.------0--------------------------------11-----00
------------------------------0-------------------------
-------1--------------------------------1---------------
---------------------0--------0-------------------------
--------------0-----------------------------------0---0-
---------------0---------------0------------------------
---0----------------------------------------------------
-----------1-----------0--------------------1-----------
---------------------0--0----------------------1-.1.0---
---------------------------------------------------0----
------------1--1----------------0---------------0-------
-------------1---------------0--------------------------
----------------------..------------------0----------.1.
---------------------.-1--------------------------------
--------------------*.-0--------------------------------
---------------------*-0--------------------------------
-------------1--.-.-*1.*-*..-1--0---------0------------0
-----------------------0-------------------0------------
----0--1---------.--*-11----------------0---------------
-0-------------------1----------------------------------
----------------------..--------------------------0-----
--------------------------------------------------------
--------------------------------------------------------
-----0--------------------0-----------------------------
---------------------0--0---------0---------------0-----
-----------0-----------------------0---------------0----
------------0-------------------------------------------
-----0---0-------------1--------------------------------
--------------------------------------------------------
--1------------------1----------------------------------
-----------------------1--------------------------------
-10----------0----0--11..---------0---------------------
-----------------------0------------------0-------------
---0---------------0--.1-------------------0------------
--------------------------------------------------------
-1--*------0---0----------.-.--0------------------------
--------------------------------------------------------
----*1----0--0------------1--0--------------------------

Generation = 9, Population = 356.
------0--------------011-------------0-0------0---0-----
-----0-0---0---------010--------------0-----00-0-0------
------0.--010---------0--------------------0-0010---0---
---0------110--0---0-----------0----0------00-0**0-000--
--0-0------0----0-0-0-------.-1-0--0-0----0-0-....-011-0
---0---.-----0-----0----------00----0------0--0**0--0-11
-------1------0--------------0-0--------0------11-----01
------0-0------------0-----------------0-0--------------
-------0------0-----0-0------0-0--------0---------0---0-
-------------0-------0--------00-----------------0-0-1-0
---0------------0-------------0-0-----------------0---0-
--0-0------0---0-------0-------0------------0-----------
---0------0-0--------00--------------------0-0-0--0-0---
-----------0--------0-0--0------------------0-0-1.-*-1--
------------0--0-----0--0-------0--------------00-------
-----------0--0-0------------0-0-0-------------0-0-1----
--------------00------------0-0-0---------0-----0-----0-
-------------0--------..-----0-----------0-0---------.-.
--------------------0.0*0-----------------0-----------0-
-------------------0..0-1-------------------------------
-------------0------0*--00---0--0---------0------------0
------------0-0-.-.1*-.*-...0-00-0-------0------------0-
----0--0-----0-------1--00---0--0-------0---0----------0
-0-0-00-0--------.-0.0*-1--------------0-0-0------------
0-0-0--0---------------0----------------0---------0-----
-0-------------------0..-------------------------0-0----
--------------------------------------------------0-----
-----0--------------------0-----------------------------
----0-0--------------0--00-0------0---------------0-----
-----0-----0--------0-00-00------0---------------0------
----------0----------0--0-----------0---------------0---
-----0---0---0---------0-----------0---------------0----
----0-0-0-0-0---------0-0-------------------------------
--0--0---0-----------0-0--------------------------------
-0-0----------------0-11--------------------------------
-0-----------0----0-----0---------0---------------------
0*10--------0-0--0-00***.--------0-0------0-------------
-000---------0----00-0-10---------0------0--------------
--0-0-------------0-0-.*0-------------------0-----------
-0-00------0---0---0---0-------0-----------0------------
0-11.0----0-0-0-0---------.-.-0-0-----------------------
-0---0----00-0-0----------0--0-0------------------------
---0.*1--1-00-0----------0-00-0-------------------------

Generation = 10, Population = 360.
-----------0--------0-*-1-----------0-0-0---0------0----
----0---1--1--------0---0-------------------1--11---0---
---0---.-0---0-0---0--1--------0----0-0---01--1--0--1---
------0--0---00-------0----------------------0-..1----00
-0---1-----1-0-------0------.1*--00---0--0--11....0---01
-------.---00---0-----------------------0----01..10-10-*
---0-----------0---0-0------0-010---0------0--------00--
-----0---0----------------------------0---0----00-0----0
---------------0---0---0----0-010-----------------------
---0---0----0---0-----------------------0-------0-------
-----------0-0---0---0-0-----01--0----------0-----------
-0---0--------0------0--0----------------------0----0-0-
---------0---0-0-----1---0-----0----------0---0--0-0----
---0--------0--0---0--10--0-----0------------0--**-*0-0-
-----------0-0---------0-----0--------------0--------0--
----------0--01--0---0--0-----0---0-------0---01----0-0-
-----------0---1-----------0---0-------------------0-0-0
------------1--0----0-.*0-------0-------0---0---0----.-.
-------------0-------*-.-1---0-----------------------0-0
-------------0----0-..10-----0--0---------------------11
-------------------1-*---10----------------0------------
----0--1---0---1.-.*.1**0...--11--0---------0--------0-0
-0-------------------*---10--------------0---0----------
--0--11--0---0---.1-*-*1*----0--0-----0-----------0----0
---0---------------0-----------------------0------------
----0--0------------0-..----------------0-------0---0---
-0---0---------------0----0-----------------------------
---------------------0--0---------0---------------------
---0---0---0------------1---0------0---------------0----
------------0------0--11--1-----0---0-----------0---0---
-------------0---------0--0------0---0-----------0---0--
----------0---0------0--0---------0---------------0-----
--00---------------------0---------0---------------0----
------------0----------1--------------------------------
011-00---0---0----00-1*-----------0---------------------
---------------------0-1-0----------------0-------------
1.*-0------0---00----*...-------0---0------0------------
---------------------10*-0--------------0---0-----------
-01-10-----0-0-0-01---..-0-----0--0------0---0----------
----------------------01------------------0-------------
--*-.11--01--0---0-0---0--.-.----0---------0------------
----0---------------------------------------------------
-00-***01-0-10----------0-1110--------------------------

*** Life<Cell> 10x10 ***

Generation = 0, Population = 41.
----------
0---------
-00-0----0
00-00-00-0
--00-00000
---0---00-
-0-----0--
00-0000---
0-0000--00
----00-00-

Generation = 1, Population = 48.
0---------
--0-0----0
0-10100001
1----0--0-
0-11011-1-
-0-100-1--
-10-00-1--
--0-111-00
1011-1---1
0-0----1--

Generation = 2, Population = 56.
-00-0----0
-0101-00-1
1---*1--1-
-0--0-0---
10**1-*0*0
-1---10*--
0--0110*-0
00-0--*01-
---*0*-0-*
101--00-00

Generation = 3, Population = 51.
0--0100001
--*-*0110*
-01-.*0---
11---01--0
*-.*-1.1*1
0*--0--.--
110--*-.0-
-1--11.-*0
---*-.-1-*
*-*---111-

Generation = 4, Population = 49.
-0-1*1111-
0-*0.--*1*
---0..1-1-
---001---1
.0*.1*.**-
1.---1-*-0
--101*0.1-
-*--*-*-.-
10-*-*-*-*
.-.--0***-

Generation = 5, Population = 39.
--0-*--*--
-0.1.01.-*
1---.*-0*1
-1--1--00-
.1*.-..*.1
-.-10-0.--
1-*-*.-.--
-*-0.-.-*0
*--.0.-.0.
.0.00-.**-

Generation = 6, Population = 46.
---1*--.11
--*-.-*.-*
-0-0.*1-.-
-*-0--11-1
.-*.-***.-
1.0*---.-0
-1*-**0.10
0*0-*-.0*1
*0-.1.-.-.
.-.1-0.**0

Generation = 7, Population = 45.
---*.11.*-
--*1.-**-*
1111***-*-
1*0111*---
.-..1*.*.-
-.1.---.-1
1-.0**1.-1
-.--*-*1.-
*--.**-.-.
.0.-0-..*1

Generation = 8, Population = 35.
---***-.*-
0-.*.0..-*
-*--...0*-
-.1*--.-0-
.1..-....1
1.-.--0.0*
-1.1*.-*1*
-.--.-.*.1
.--**.-*0.
.-.11-...*

Generation = 9, Population = 39.
0-0*.*1..-
--**.1**1*
-*--*..1*-
-**.1-.-1-
.-*.-..*.*
-*-.01-.-.
--.*..-.*.
-.--.-*..*
.-1**.0*1*
.-.--0..*.

Generation = 10, Population = 47.
---*.*-.*1
0-...-..**
1*1-*..-.-
1**.*1.1*-
.1*.-*..*.
1.-*1*0.0.
-1..**1...
-.0-*1*..*
.0***.-.**
.-.1--*.**

