*** Life<FredkinCell> 3x19 ***

Generation = 0, Population = 14.
-----0-----0-0-----
------000--0--0--00
--0--------0--0--0-

Generation = 1, Population = 30.
----0--00-01-----00
--0---1-100-0-100-1
-0-0--000-01001001-

Generation = 2, Population = 28.
--00-0-1-0-2--00-1-
----002-2-1-10-1--2
0-0-00---0--1-2112-

Generation = 3, Population = 21.
-011010-0-0---1----
0-----30---0-1---0-
-----------12032-3-

Generation = 4, Population = 24.
-1-----1-------0-1-
--000--1---11211012
0-----00--0--1-3-40

Generation = 5, Population = 31.
0--10-020--200-102-
0-1-10--2--2-3-----
-000001-00---2341--

Generation = 6, Population = 30.
11-2-11--00----2-30
102-2-3---131----1-
-11-112--1012---24-

Generation = 7, Population = 26.
--1-02-201--0-1---1
---03--1-024-3-1---
-------00212-2-43-0

Generation = 8, Population = 20.
-1-2-3-------0---3-
---1--3--13-1412---
---01-2--32--3--4--

Generation = 9, Population = 24.
1--3-----10--1-20-1
-02---412---2--3-1-
--1-2-300--2-4---4-

Generation = 10, Population = 28.
----0-12-212----13-
-1--30-2--3--41402-
--2----1-32-2-34450

Generation = 11, Population = 33.
-1-3132--323011---1
1--1-14-21---525-3-
---02132-4---4-5561

Generation = 12, Population = 28.
-----4-2-----2-----
--2--25232-4-63-042
0-2--243052-253--72

Generation = 13, Population = 37.
--1-1523-3-303--131
1131336-4-3-27--15-
--302-54163236-5---

Generation = 14, Population = 30.
1-23-6340-241-12-42
2--2-47-5-4-383----
0--1-2--2-4-4----7-

Generation = 15, Population = 25.
2-3---4------3-3-53
-1---5-2---44-----2
1132-3-43-5-5-3-5-2

Generation = 16, Population = 24.
-1-3-------4-----6-
22323673---5--351--
22-3-4--4--26-----3

Generation = 17, Population = 31.
-234-644--251-13--3
-----7-4--4--84-2-2
--3425---65-763557-

Generation = 18, Population = 30.
23-5----03--23-4-64
-2----755---4-5-353
-24---5447--874-68-

Generation = 19, Population = 26.
3---1-4--425-41-1--
---2-7-662-5--65---
2-54-5-55852-------

Generation = 20, Population = 20.
-3---6-------5-4-6-
---3387-73--4--6---
--6--6--69--8-45---

Generation = 21, Population = 24.
3-35-7--04-----5--4
-2-4--8---455---35-
-2---7-5--529-5-6--

Generation = 22, Population = 28.
-34----415-52-1----
-33538--7--6-86--6-
23642-5-69-3----7--

Generation = 23, Population = 33.
3---174526--3525-6-
-4-649---34-59-6--3
3475-7---+-49755---

Generation = 24, Population = 28.
-----8-----5-6-----
253-5+-6-4566+--3--
45--285-6+55+8--7-3

Generation = 25, Population = 37.
334--945-6-6372-1--
-64--+8-7-6-7+66463
---5-9657+66+-558--

Generation = 26, Population = 30.
44-51-562-2748-52-4
----5+9-8-7-8+-7--4
-5----7-8-7--8-6--3

Generation = 27, Population = 25.
55-6-9------5---3-5
2-----+6---6-+---6-
4-7-2-8-9-86-9-7884

Generation = 28, Population = 24.
-6-----6-------5-6-
--465--7---78+67474
5-----95--9--+-8-95

Generation = 29, Population = 31.
5--61-572--758-637-
2-5-6+--8--8-+-----
-57529+-9+---+598--

Generation = 30, Population = 30.
66-7-96--62----7-85
366-7-+---798----7-
-68-3++--+96+---99-

Generation = 31, Population = 26.
--4-1+-727--5-2---6
---68--7-48+-+-7---
-------59++7-+-9+-5

Generation = 32, Population = 20.
-6-7-+-------8---8-
---7--+--59-8+68---
---53-+--++--+--+--

Generation = 33, Population = 24.
6--8-----72--9-73-6
-66---+78---9--9-7-
--8-4-+59--7-+---9-

Generation = 34, Population = 28.
----1-67-837----48-
-7--8+-8--9--+6+48-
--9----6-++-+-59++5

Generation = 35, Population = 33.
-6-82+7--948592---6
3--7-++-85---+7+-9-
---54++7-+---+-+++6

Generation = 36, Population = 28.
-----+-7-----+-----
--6--++896-+-+8-4+4
5-9--++89++-++5--+7

Generation = 37, Population = 37.
--4-2+78-9-85+--486
37778++-+-9-9+--5+-
--+54-+9+++7++-+---

*** Life<FredkinCell> 18x15 ***

Generation = 0, Population = 13.
---------------
---------0--0--
---------------
--0------------
---------------
---------------
---------------
---------------
-----0---------
------00-------
-----0---0-----
-----------0-0-
--0--------0---
---------------
---------------
--------------0
---------------
---------------

Generation = 1, Population = 43.
---------0--0--
--------0-00-0-
--0------0--0--
-0-0-----------
--0------------
---------------
---------------
-----0---------
----0--0-------
-----01100-----
----0--00-00-0-
--0--0---001--0
-0-0------0100-
--0--------0---
--------------0
-------------0-
--------------0
---------------

Generation = 2, Population = 43.
---------------
--0----0--11--0
---------------
0---0----0--0--
---------------
--0------------
-----0---------
------00-------
---0-0-1-0-----
----01--11-0-0-
--00-0---------
------00-1-2-0-
0---00-------1-
-----------1-00
--0--------0---
------------0-0
---------------
--------------0

Generation = 3, Population = 101.
--0----0--00--0
-0-0--0-002200-
0-0-0--0-0000-0
-0-0-0--0-00-0-
0-0-0----0--0--
-0-0-0---------
--0-0--0-------
---0-01-00-----
--0-01020100-0-
--00121-2-----0
-01101-00------
0-000011-----10
-0-011-0-0--0--
0-0-00----02--1
-0-0------01-0-
--0------------
------------0--
-------------0-

Generation = 4, Population = 49.
---------------
-----0--11--110
---------------
0-----0--------
-----0---------
------00-0--0--
-----0---0-----
--0--------0-0-
-01------2-1---
--11------00---
-1---2---0---0-
-------2-1---21
0----201-------
------00-------
-----0---0-----
----------0000-
--0--------0---
--------------0

Generation = 5, Population = 118.
-----0--00--000
----0-0022222-1
0----00-00--000
-0-----0-------
0---0-00-0--0--
-----011-100-0-
--0-0--0010000-
--10-0----01--0
012-----0-0-00-
-0-212---11-00-
0--10-0001-001-
00-----3-20-0-2
-0--131200---10
0----0--00-----
----0--00--100-
--0--0----11-10
-0-0-------1-00
--0--------0-0-

Generation = 6, Population = 115.
---------------
0--0--------3--
-----1---------
0-0-0001-----00
---0-0-1-1-----
0-0-0122021--10
-010-0---2-----
0-210-10--1-00-
12-00--2-2-1---
011-23-12--0110
111--211-2-1---
--00-01--3121-3
010024-311---2-
----01-01-020-1
0-00-001-------
------00002202-
0---00-------1-
----------01-1-

Generation = 7, Population = 136.
0--0--------0--
-00-00-----2-1-
--00-2-0----000
---01---00--011
--0-----02-----
-01-1--3--20021
01---10--30-0-0
1----02-00-1110
2---1---0-020-0
1--2--123111--1
-22--32-030-01-
-01-01-3-4-322-
1-11351-2-0-0-0
-0-0-201-01-10-
--110-1200---00
--0000-1------0
-0-011-000----0
0---00---012-20

Generation = 8, Population = 44.
-----0---------
-1--1-00--2--2-
-----3---0-----
--0-2-----00-2-
--1--------0---
---------2--1--
---------------
--------------1
-2-----------0-
2--------2--1-2
---------------
--20-2---5-4---
---24-----11---
--------------1
---------------
------0-0------
--0--2-----1---
------00---3-3-

Generation = 9, Population = 93.
-0-----0--0--0-
0-00--112--23-1
-00-0--00-00---
-01-------1---1
-0200----2-1-0-
--1-----0-2--2-
---------3--0-0
-0-------------
--2------2----0
--------3-11-1-
1-21-3-----10-0
-03-0-1-0-152--
----5-----2-0-0
---00-----12-0-
------1-0-----0
--0------0-2---
-0-01-000-0201-
--0---110-14--0

Generation = 10, Population = 95.
---0---1-0-----
---1-02--22-42-
--10-3---------
012----10-20---
0---10-------1-
--2-1--3-----3-
-11--------0-0-
1-----------1--
---0-------2---
2--2-3-2-22-1-2
-2-20-----02-1-
-1-012-----632-
-11--51-21--12-
--01-20-10-31-1
--1100----0----
----0--10-23-20
0--12--1-0---2-
----00-2-------

Generation = 11, Population = 126.
--0100---1--00-
------3-2-3-531
0----4-000-000-
----2-021-3102-
1--0-10-0-01020
0-3-2-2-0--01-1
-2-00--0--0-010
--21-------1---
--2111-2-2--0-0
--1-2----3---1-
-3-3-3-1-----2-
0-3-2---05--433
1--2-6----212--
--1-03----14-0-
-0-21--2--1100-
0-00--0-10-4--1
-0023-0-0--203-
0----1-300---3-

Generation = 12, Population = 113.
-01--1-----0---
0-0110-13--26-2
-0-------1---1-
-------320---3-
20---211-----3-
10--3133122-2--
-----1---3-----
---200---0--11-
-23222---30--0-
--2-33--342--2-
---------------
11---2--16---44
211--71-2--2-20
0-----01-025-11
---------------
---10011-12-02-
01134211-00----
--00--141114-40

Generation = 13, Population = 134.
-1---2010-01--0
-------24-3-73-
---004--0200-2-
0----0----3-0-1
--2---220-0--40
--304-44-33----
02-00--0-----1-
-0--112-0--12-1
2343-30--4-2--0
--32--1245-1132
132-0-----0---0
----23-3-7164--
32225--331-3-31
1-1----211-----
0--210-----10-0
00--112-----131
1-2-53-2011-0-0
0------5-225-51

Generation = 14, Population = 139.
0-1-03-2---2---
-1-11---52--8--
0-11--0----1-3-
-120-1-3---1--2
203-1--312-1-5-
1--1---514-0--1
1-1-1-01-300---
1--2-2-0--1-312
345-2-1-05--0--
-14-------2---3
2--31-2-0312--1
----34-41-275--
--3---144224242
-021-30-2-2-11-
---32--20012-01
11--2-3-112-2-2
-1----1--2-21--
100-01161-3606-

Generation = 15, Population = 118.
-1-1-4---10----
0-----3-6332---
---2----02020--
0---2-04-03-03-
-1----242-----0
--3-4--6253-2--
-----1120-1--1-
--2----1-021--3
-5-3-3-216021--
2--------53-134
---4-3-1-----22
1-3--5--2-3----
--4-57-5---5-53
113-04-------21
0-----13-1-3---
2-0-3-41----333
1-------03--2-0
211-1-2-2247171

Generation = 16, Population = 25.
---------------
---------------
--1--------3---
-----------1-4-
-----2---2-----
------47------1
-----2---------
---------------
--5--------3---
-----------1-4-
-----4---3-----
--4---14-------
-----8---------
---------1--1--
---------------
---------------
---------------
--2------3--2--

Generation = 17, Population = 80.
---------------
--0--------2---
-0-2------0403-
--2--1---032--2
----1--42-01-50
-----15825---3-
----1--2------0
--2--2-----1---
-5-3------0410-
--4--3---532--4
--2-1--10-12-2-
-1-0-52527-----
--4-5--5-2--2--
-----4--2-25-2-
---------1--0--
---------------
--2------3--2--
-1-0----2-47-7-

Generation = 18, Population = 74.
--1--------2---
-----------3-3-
0---04-------4-
------04-1-3-43
--30-2---------
----42--36-0241
--10-2-3-3-0---
------21---2-13
3---2--------1-
--5---12-6-3-4-
--34-4---------
1----6--3--754-
---2-8-6-3-----
--3---0---36--1
-----0---------
--0------------
---------------
2-2-1--6-3582-1

Generation = 19, Population = 124.
-1-1------0300-
0-0-10----34-42
-0-215-0-2--0--
0-202115------4
-14113-42---0--
---1535-4-----2
-221131404-----
1-221-3-0023--4
-553-3---6--1--
216-3-23-----54
23-5-5-103--0--
-14-3-2---38-54
3----91-4---253
-1---4----4712-
----2-----13--1
-1-1-1---------
1---5--2-3122-0
-----12--4--3--

Generation = 20, Population = 76.
--1--4---1-4---
------32------3
0----601-------
-------6-1---4-
-25--4---2-1-5-
--32--------24-
-33--4-----0---
--3---41---4-1-
3-----12-7-----
------3-----165
-4-------4---2-
1-50--3---49---
-24------3-5---
--3--5--21-82-1
-----0---1-----
------41-1--3--
-----3---------
2----23-25--471

Generation = 21, Population = 140.
-1-10--20---0-0
0-0--0--63-4-4-
-0--171202---40
012----7-233054
23--1-2423--0-0
-0435----6-03-2
144-1--4--11---
1-42----0025--4
-55--32---041-0
21---34----3276
---5----0--2-3-
---136-5-75-55-
-35--91--42---3
--41060232--3--
--1-21-3--13--1
-----152-224-3-
1---54120----30
-1--1-4-36585-2

Generation = 22, Population = 131.
--121-03-----0-
----11-27---853
011228-313---5-
--30-11--3--165
-45-2-35-4-1-5-
115-635--73---3
-55-241--4-2---
2-53-24-1--6-15
3---2--21----1-
3--23--34--438-
2436--2----3---
-1----3-3--96--
34-25+-6-5-5---
--5-1-13--4--2-
-023-2---1-----
2-0-3263133--43
---3-5-3-3-----
--202256----673

Generation = 23, Population = 141.
-12--41------1-
01-12-33---49-4
1-23391-2-0-0-0
014----7--3-2-6
--613-46--0-060
2-6-746-4840---
1-61--24-51301-
30-4---12-27--6
-5533---27-----
-----3---63---6
-5---53---1-03-
1---3-45--5+75-
4-536+-74-26-5-
116-2-2-32--3-1
-1-4-31--21---1
-11-4--4--44354
1-24----04--2--
-131-3--36-87-4

Generation = 24, Population = 72.
--3--5-----4---
------44---5-55
---44-----14---
--50-118-3---6-
--7--4-----1---
3-----7-59--3-3
-5-----------2-
---------------
---44-----04---
--62-4-----43--
--3--------3---
2-5-4----76+864
-4---+---5---6-
-2--3-33--4--22
-----4---------
---------3--4--
--3--5-----2---
-24---56---9---

Generation = 25, Population = 120.
-1-21--3--05010
--012-557----66
----5-----2-0-0
-1--2--9----2-6
248-35462-0--60
--6-----6+4--4-
--6---2-05-----
-0-41-----27-1-
----5----71----
-1--3-4----548-
25--15---4--032
-16-----3--+-75
-5--6--74626--3
1361--443--83-3
-1-----3-21-001
--1-----1-4--5-
--445--3-413---
23-1--673-5+7--

Generation = 26, Population = 128.
0-3--5-4-11--2-
--123-6683-59-7
-12--91-23--15-
-2-0---+---336-
35-----7-411---
3--374--7+-035-
--7-24----13---
3-55-24-20-8--6
-----32-28-41--
-262-4-3---65--
36-6-6----13---
-271-6--47-+8-6
--5--+-----7---
2--2-65--24--2-
-224---4-3-3-1-
--2-4--4-----6-
1--565-4-5---3-
3442-37846-+87-

Generation = 27, Population = 128.
--4---150-2----
0-2-4--79436---
1--4-+----242--
--5-21-+----4-6
--8-35482--20--
4--48-7-8--1-63
-58--5---524-20
---613----2--1-
35--54-2---5-10
------4--6-7-8-
47----310-240-2
--8---45586+9--
4-636---4--8-63
--63--6-3-58333
-33--4-5-41---1
2-3-5-6-1--44-4
2-4-7-1-0613--0
----2--9---+--4

*** Life<FredkinCell> 9x12 ***

Generation = 0, Population = 13.
------------
-------0---0
--------0-0-
---------0--
------------
0---0-------
-0-----0---0
--------0---
--00--------

Generation = 2, Population = 33.
--------0-0-
-----0---0-0
------0-0-0-
0---0-------
-0-----00-00
0-----0-00--
--1--0-----0
0---0-0---0-
0-2210-0---0

Generation = 4, Population = 38.
--------0-0-
0--01----0--
-0--1-00--00
-----1--0--1
--10--------
0-1-0--10--0
-11--0-01100
----2---01--
20----1----0

Generation = 6, Population = 47.
-0--1--1--01
00----110---
----312-0-20
--1---0-0-0-
111---0-00--
---------10-
-31110--1-00
2---2---0-0-
---23211--10

Generation = 8, Population = 38.
-211---3---3
2--110---1--
1--1--4-0---
-0-----001--
-1-----10-21
1-1-1-111--1
---1--------
2-------21--
---45---0--2

Generation = 10, Population = 50.
--111-131---
4--3-21301-1
30-3414-----
--3-----0-1-
2--1-0----41
11---0-31-03
---121-1--1-
----3---2-1-
-14-73--202-

Generation = 12, Population = 54.
-----1-5-01-
60-31-1-----
-21-------32
01-11---02--
--11-22-1161
1---10233-23
1---4-03---1
211--1-0---1
43-57--3-023

Generation = 14, Population = 41.
-423---51---
-----31--3--
4-3-4-51-0--
2-------0---
--3102-3-3--
3-2-----322-
-42----5---1
4-3---1-4-1-
4------5222-

Generation = 16, Population = 31.
--------3-2-
8--52------1
-3--4-53---3
-----2--0---
--31--------
----2--55--4
--4-----3-21
6-----1-63--
-4---417----

Generation = 18, Population = 54.
-5--3--7---3
80----2-24-3
----637---55
3-----0-0-2-
3-5--4242-7-
3-2---3--436
264361-53341
6-5---3---2-
-46-9-3--323

Generation = 20, Population = 47.
-735---7--35
--162--5-6--
54-4-3-5115-
52--3-0-2---
32---6--2-7-
-------764--
4----3-7-541
8-----5--522
--6--5--45--

Generation = 22, Population = 51.
-95531---1--
--1----548-4
-4-6-395-37-
7-4-------2-
3272--24--72
-3--21578---
-7-3-3--476-
+-6-3---6---
--67+-496---

Generation = 24, Population = 50.
1+---3-9--57
--3-4435----
54---595--7-
-3---30-22-2
-494--242--4
--2--3-9-4--
5---650-----
-3---1606-4-
6---+5696---

Generation = 26, Population = 51.
3-6--52+4---
9136---7---5
---67-95237-
--------2-3-
4--61-262--6
4--035-+--4-
-85--5096--1
--8-5-6---4-
6--8+7---64-

Generation = 28, Population = 53.
5---4-2+6---
-1565---5-05
-5-6-6-7-37-
-35-331-2--3
6-+6-7--25--
63305--+-5--
5--------8--
--+17281--6-
--6-+9-+-84-

*** Life<FredkinCell> 19x4 ***

Generation = 0, Population = 10.
-0--
----
-0--
-0--
----
-00-
-0--
----
----
--0-
0---
----
-0--
-0--
----
----
----
----
----

Generation = 2, Population = 25.
---0
-0--
-2-0
-210
----
10-1
---0
-1--
00--
1---
011-
-10-
1--0
---0
-1--
-0--
----
----
----

Generation = 4, Population = 26.
---0
-21-
-2-2
-2-0
-0--
32-3
1--2
-3--
-0--
1---
-31-
----
-1-2
-212
1---
----
-1--
-0--
----

Generation = 6, Population = 44.
---0
12--
---4
1212
00-0
3215
3214
-5--
021-
111-
0---
0111
2-1-
02--
1-11
--00
1--0
---0
-1--

Generation = 8, Population = 27.
-1-0
-4--
0--6
-4-4
----
52-7
-2-4
----
-2--
3---
052-
-1--
---3
-423
-3--
----
----
-21-
11--

Generation = 10, Population = 36.
1---
-6--
0-1-
14-6
21--
7-29
----
-5-1
0-2-
532-
-74-
132-
2225
2---
----
---1
1---
0--2
-100

Generation = 12, Population = 34.
1---
36--
-21-
---6
---0
934+
-43-
---1
-2--
5---
19--
-3-2
----
-4-4
-412
-1--
33-0
222-
--00

Generation = 14, Population = 39.
-2--
3-2-
----
-51-
-2-0
-56-
34--
--0-
1-41
753-
1961
1--2
3-36
-6-6
---2
0-0-
3-1-
-424
--02

Generation = 16, Population = 26.
-2-0
-7--
---7
-5-7
4---
+7-+
-4-5
----
-3--
9---
-+8-
-4--
5--8
-636
-6--
----
----
-62-
-2--

Generation = 18, Population = 32.
----
-9--
1---
25-9
630-
+-7+
4---
-5-2
--6-
975-
-+--
163-
54-+
3---
3---
---1
----
3--5
-4-2

Generation = 20, Population = 35.
2---
39--
-3--
---9
--01
+87+
-54-
---2
-4--
+---
3++-
-6-2
--5-
-6-7
-814
-1--
54-0
364-
---4

Generation = 22, Population = 40.
-30-
3-3-
2-3-
-62-
8403
-+7-
554-
--1-
2--3
+96-
-+-1
1--2
---+
-8-9
--14
1-1-
5---
-867
3--4

Generation = 24, Population = 30.
-5-1
-+--
4-39
-6-+
--0-
++-+
-7-7
----
-4--
+---
4+--
-7--
--6+
-849
-9--
----
----
-+6-
340-

Generation = 26, Population = 35.
4-0-
-+--
----
36-+
-50-
+-9+
--5-
-5-3
3---
++7-
4+--
194-
-5-+
4---
--1-
---1
6-2-
3--8
56-6

*** Life<FredkinCell> 17x9 ***

Generation = 0, Population = 13.
0---0----
---------
----0----
---------
--0------
--0------
---0-----
---------
--0------
-0-------
---------
------0--
---------
-0----0--
---------
-----0---
0--------

Generation = 1, Population = 35.
-0-0-0---
0--------
---0-0---
--0-0----
-010-----
-01------
----0----
--00-----
---0-----
0--------
-0----0--
-----0-0-
-0-------
0-0--0-0-
-0---00--
0---0-0--
-0---0---

Generation = 2, Population = 33.
------0--
---------
0---0-0--
--1------
0--1-----
0---0----
-0---0---
-01------
0--10----
---0--0--
--0------
----0-0-0
---------
---0010-0
0--------
-0-0--10-
--0------

Generation = 3, Population = 49.
-----0-0-
0---0----
-000---0-
-0--0-0--
10-------
1--------
-1----0--
--2-00---
----100--
0--1-0-0-
-0--0---0
--00-----
---0-0---
0-01--1--
----00-00
--0-00210
------00-

Generation = 4, Population = 36.
0-------0
--0------
---10---0
---------
--1-0-0--
20----0--
----0--0-
------0--
0-0---1--
--0--10--
---0-----
--1--0--0
0-0------
--1--1--0
0--------
-0---13--
--0-0----

Generation = 5, Population = 65.
-00----0-
00--0----
---210-0-
--10--0-0
1-----10-
31---01--
01-0-00-0
0-2-001--
--11---0-
001-02-0-
--0-0-0-0
002-0-00-
---0-----
-0210-10-
--0---0-0
-----241-
------0--

Generation = 6, Population = 73.
--100-0-0
1---1----
00--210--
002---1--
2-11--21-
4-100-2-0
1-0-011--
103-11--0
--221--10
1-21-301-
-0---01--
1--01--1-
0-010----
01321--1-
--1-0----
--0-03-2-
------1--

Generation = 7, Population = 57.
002------
2-0-----0
1--2---0-
11--0----
-02--032-
--21-0-0-
-1-012-0-
--402---1
--33-0---
-0--0-1--
0------0-
2-------0
-0--10---
---3211-0
0--0-----
-01--44-0
--0-0----

Generation = 8, Population = 37.
---0----0
-01------
------0--
------1--
--------0
-1--0-2-0
1--12--1-
-----1---
--------0
-----3---
1---0----
3---10---
--0------
013-322--
---1-----
-1---55--
--1---1-0

Generation = 9, Population = 64.
-0--0--0-
212---0-0
-00--110-
-----0200
-0--0--21
--2-1--01
--02-----
1--0--101
-------1-
1-----1-0
20-010---
4020-10--
--11--0--
1--34-31-
0--------
0--006-20
---0--2--

Generation = 10, Population = 70.
-1-0-0---
3--01-1--
---22---0
--2---3--
2--11--32
--31202--
11----1--
-0-121212
---3--120
2--10--1-
3-0---1-0
-1311--1-
---2-----
21--5--20
-0---00-0
111--7531
0-11----0

Generation = 11, Population = 68.
---10----
--21-0-00
1----1-0-
11-0-0---
-02---343
--423---1
2----2--0
-1-----2-
003-1----
30--13120
4010-0---
-24221---
0--31---0
3-3----3-
0--------
-2--0-6-2
10-2002-1

Generation = 12, Population = 69.
----1--00
313-11--1
2-0-2--1-
--2--1--0
---11-4--
4---4-2--
--02--1-1
12--212--
--4-2-1-0
412--4--1
--2----00
4-5-3-0-0
1-1------
----5-3--
1-1-0-000
131-177-3
2--31---2

Generation = 13, Population = 80.
01212-01-
----22102
30--311-0
113-0----
2--2-0543
-1425--01
--132----
234---32-
-05-3-2-1
5-31-----
---010-11
5------11
2-23----0
---36-4-0
202--01--
2--02--3-
3--4--203

Generation = 14, Population = 81.
1----0---
--3-33-1-
---242-11
224011-0-
3023-1-5-
-25------
2124-21-1
345--1-3-
0-63--32-
-1--1412-
-----1---
625-310-2
3-3---0--
-13-725-1
--3101--0
----3-74-
4015-0314

Generation = 15, Population = 81.
-12--101-
31-1-4-2-
300--3-22
-35-22---
----12-63
4362--201
---5--21-
456122-4-
1--4-0-31
----252-1
4-2-1-111
----42---
4--3-0-0-
-243-3--2
------1-1
23-04---3
5--611425

Generation = 16, Population = 33.
--3-2---0
-2----1--
--------3
-----33--
3-----5--
5--------
--2----2-
------3--
2--5--3--
--3--6---
---------
--5-----2
---41----
-3---4--3
2-3-0----
-4-------
6-1-2----

Generation = 17, Population = 57.
-----101-
3---34-2-
-0---3-2-
2---24-00
40----66-
636---20-
21-5----1
4-61-24--
-0--3-43-
51--2----
-----1--1
-2--4--1-
-0-52----
---37-53-
--------1
2-1------
-0---1---

Generation = 18, Population = 73.
1-------0
---1451-2
3-0-4----
33-03-311
5---1--7-
7-7--0---
3--622---
5-7-23--2
21--40-41
6-313-221
4---1-1--
635-5-0--
41--300--
-34---64-
2-310-1--
-4-0-7--3
----2-4--

Generation = 19, Population = 80.
-1-121011
---25-2-3
40-----2-
44514-422
--2-2--8-
----5120-
-127332-1
-5-1344-3
326-5-4-2
-14-46-3-
--------1
746--2-1-
-235--1--
3-----753
---2112-1
--11--74-
-0---1-25

Generation = 20, Population = 66.
1---3-1--
3-3--53-4
------133
-56---5-3
5-33--6--
-3--623--
3--8--322
-----55--
4--5--543
-----72-1
4---1--1-
85--5-0--
4-463-200
--4-7-8--
2-----3-2
--2--7--3
6--62-4-6

Generation = 21, Population = 76.
2131-1211
4--2-6425
40----2-4
-6---4-24
---4---83
7--27-4-1
--2--34-3
----3664-
-26-506--
---1-8--2
5--02-1--
96----112
52--4-3-1
-3538----
-0--1-4-3
-4----74-
-0-731--7

Generation = 22, Population = 78.
------32-
-2-3---36
--02-33--
-7614-5-5
5035-2--4
-3--8250-
31--3-524
-5-1---5-
4375----3
61-2-923-
6-2-312--
+-62-22--
-3--5-402
-4--94---
2---2-50-
2-21---53
61-8-2---

Generation = 23, Population = 82.
-1-1-14--
4-34564-7
-0-344---
----5-6-6
6-4--36-5
7----36-1
422-43--5
5-72---63
---65064-
7--34-34-
-03-4-3--
+6-3--3-2
-4--6---3
-553+58-3
3-3-316--
-43--7--4
-219--427

Generation = 24, Population = 61.
--323--21
--4-6----
--0---3--
476-6-7-7
7--5--7--
-----4---
5--85----
65--3----
---76-75-
----594-2
6-4-5---1
+76-524-3
---67--0-
--6--6--4
---2---0-
--4--87-5
6-2+3-5--

Generation = 25, Population = 78.
-1---1432
-2-476437
4--3-4434
---1-----
8-----885
---------
6-29-----
-672-666-
437870-6-
7-4-6--43
705--1-1-
---36-514
5447-0--3
-5-3--85-
--3-3---3
2451-9-5-
----42627

Generation = 26, Population = 83.
2232--54-
-3------8
--0-4-54-
--6264---
-0-5-39-6
--72--601
-2--5352-
6--33---3
-4-98-7--
---379454
----5-3-1
--6-7-62-
65-87-404
-6-4--964
304---60-
3-62-+765
622-53-38

Generation = 27, Population = 71.
33-33165-
-4447--3-
--135465-
---37-727
8---2--87
-38--471-
---9--6-5
-67-4----
---+908--
-14------
--5--1--2
+--3--7-4
7-4---5--
3-65-6+--
-1-2--713
--734-8--
---+6-6--

Generation = 28, Population = 67.
4-3-4---2
--5-864-8
------76-
4---84---
--4-3-99-
-49--58-1
--2---72-
678-5---3
--7++-96-
72--7-4-4
7-6-5--13
+76-7-8-5
--58---04
46---7+-4
------8-4
--8-----5
------73-

Generation = 29, Population = 80.
--4-5-653
446----39
4-1--4-7-
-763-57--
8-5-4--+-
75+2-69--
62-95--35
7-9366-6-
-4--+--73
-34---5-5
--7--1324
--738----
-5-9-0515
57-5+8-6-
314---9--
-4-3----6
--2--384-

Generation = 30, Population = 69.
4-5---76-
--7486-4-
5---5578-
48-48-82-
9----39-7
86+--7+11
7--+-3--6
8-+4-7--3
-57-+----
7--37-6--
-----24--
---492---
-65----26
-86----7-
--523---4
-5--4+---
----64-5-

Generation = 31, Population = 75.
--6-5-8-3
-4--9---9
6-1366894
59-5--9--
-055--+-8
9-+-88+-2
--2+-----
97--68664
46--+-9-3
---4-975-
7---5--2-
-7-5---25
7---705-7
5-7-+-+84
-1-------
3---5-866
-2-+----8

Generation = 32, Population = 40.
----6---4
--7------
7-247-9--
---------
9-6-----9
-6--9---3
---+5--3-
------7--
--7-+---4
-34--+8--
---0-----
+---92---
8-5------
68--+8---
3--------
-5----9--
------8-9

Generation = 33, Population = 69.
--63-1-6-
448---4-9
----8--9-
---58-9-7
-0-54--++
----+8--4
-22+-3---
--+4-8--4
--8----7-
74---+955
70----4--
+77-+38--
-6-9-----
79-5+9+--
41--319--
--8--++66
-2---49--

Generation = 34, Population = 68.
4--4--8--
5---9----
702-969-4
-96-9---8
9---5--++
--+2--+-5
733-5-7--
--+--97--
4-9----84
----7++66
81--52--4
--85+--2-
8-5+7----
-+--++-8-
------+-4
35-3-+--7
6---6---9

Generation = 35, Population = 68.
536--1-6-
--8-+---9
-1--+-+-5
5-----9--
----63-++
---3+8+16
8-4+-3-36
---4-+--4
--+++-9--
-444-+-77
92--6--25
---6+-8--
-6-+8----
-----++--
4--231-15
-6--5--6-
7------5+

Generation = 36, Population = 56.
6--4-----
549-+-4-+
---4+-+-6
------+--
9--------
9---+---7
--5+5-7-7
9-+-6+--5
----+----
--5---+--
+--07----
+-8-+---5
8--------
7+--+-+-4
--534-+-6
3-8-6-+-7
----6-9-+

Generation = 37, Population = 75.
7-----8-4
--+-+-5-+
71-5----7
5--595+28
+0--6-+-+
+6+-+8+18
-3--63---
--+47+-66
4--++-9-4
74---+-7-
+271-24-5
---6+3-2-
--5---5--
-+--+-+-5
----5----
--93-----
7-2+7-+-+

Generation = 38, Population = 63.
-36-619-5
---4--6--
-226+6---
-96-+-+-9
+--------
--+-+9+--
-45-74---
9-+5--77-
5-------5
8----+--7
-3--735--
+78------
------6-7
7--5+-+--
-15-61+-6
36--6-+-7
---+8----

Generation = 39, Population = 90.
74747----
--+5+674+
7-37+7+-7
---5+5---
-----3--+
+-+--++1-
-56+--73-
+7-6--88-
-6++-09-6
9----+-78
+4-184625
+896+3--5
-65+807--
---6-+-8-
4-637-+-7
4----++-8
722+-4+-+

Generation = 40, Population = 64.
8-85--965
--+--78--
-------98
5---+6---
+-65-----
-6+-+-+--
8-7-7-847
+8--7-9--
5-------7
+45-----9
+-7-9--36
--+--48-6
--6-9-8-7
7+7--+---
5-748-+18
------+--
---+----+

Generation = 41, Population = 84.
---67---6
54+-+8-4-
7-3-+--+9
696-+7+29
+0-663+--
+7+3+-+-8
9-8---9-8
+9-68-+--
-6+-+-988
+--47----
+4-----47
+8-6+5-2-
8-----9-8
--8-+-+8-
61--91--9
4-9-6++--
--2-8-+5-

Generation = 42, Population = 77.
84-7-----
---5+9-5+
-----7-+-
7+-5+8+3-
+1---4+--
+8+4-+--9
--9+-4--9
---7-----
5-+-----9
+4-5-++--
+-7--46-8
+--7-6836
9-6+--+--
----++-95
-274+-+--
56+-7+--8
723-94-6+

Generation = 43, Population = 74.
95-8-1-66
54+-----+
72--+-+--
---6--+-9
+2---5--+
-9+----1+
9--+-594+
+-+88+---
66-+-098-
+5-----7-
-4-195749
-8+8-----
+-7--0+2-
7+-6-+-+6
--8-+----
--+38---9
-3-----7-

*** Life<FredkinCell> 15x3 ***

Generation = 0, Population = 11.
-00
--0
-0-
---
---
00-
---
-00
---
--0
---
---
0--
--0
---

Generation = 7, Population = 22.
--1
-2-
-13
1-1
-10
3--
--2
2-2
--2
0--
-00
0-2
-02
-1-
--1

Generation = 14, Population = 0.
---
---
---
---
---
---
---
---
---
---
---
---
---
---
---

Generation = 21, Population = 0.
---
---
---
---
---
---
---
---
---
---
---
---
---
---
---

Generation = 28, Population = 0.
---
---
---
---
---
---
---
---
---
---
---
---
---
---
---

Generation = 35, Population = 0.
---
---
---
---
---
---
---
---
---
---
---
---
---
---
---

*** Life<FredkinCell> 11x5 ***

Generation = 0, Population = 16.
0----
000--
-00-0
-----
000--
0----
---0-
00---
-0-0-
-----
-----

Generation = 1, Population = 21.
1-0--
-1-00
-----
0---0
--10-
1-00-
-00-0
1-0--
-1--0
-0-0-
-----

Generation = 2, Population = 24.
-0--0
--011
00-0-
-00--
-0---
-01--
0110-
--10-
-2---
01---
-0-0-

Generation = 3, Population = 27.
1---1
0112-
1--1-
-11--
0-1--
-1---
12--0
10--0
-3-0-
1200-
-1--0

Generation = 4, Population = 27.
2-0--
1----
20020
02---
--20-
12--0
-3101
-11-1
0-01-
2----
-2---

Generation = 5, Population = 28.
3--0-
---21
31--1
--1-0
-031-
2-101
-42-2
--2-2
13-2-
3-00-
--0--

Generation = 6, Population = 32.
-001-
-11--
42---
02201
-1--0
--21-
-530-
11303
-4-3-
42--0
021--

Generation = 7, Population = 27.
3-121
-2---
-3021
-----
-2311
-2---
---1-
2-4-4
1-040
-3---
-3200

*** Life<FredkinCell> 14x4 ***

Generation = 0, Population = 10.
----
0--0
----
----
00--
----
----
----
----
---0
0---
----
0--0
-00-

Generation = 3, Population = 30.
0000
-2-1
2---
---1
3-2-
-000
1100
-00-
----
--01
-0-2
0--2
-1-1
133-

Generation = 6, Population = 30.
-101
-51-
3-11
-112
-3--
2-1-
4---
1-0-
101-
003-
--0-
-0-2
-2--
2-40

Generation = 9, Population = 32.
111-
1643
-1--
-12-
3-5-
5-22
4--0
-23-
41--
-3-1
0---
--13
0314
-5-3

*** Life<FredkinCell> 3x9 ***

Generation = 0, Population = 10.
----0000-
0-0--0---
0-0-0----

Generation = 7, Population = 10.
-----1---
1234-1---
21-13----

Generation = 14, Population = 11.
--33--0--
--657--5-
-----2212

Generation = 21, Population = 12.
46--56-3-
-87-+7-6-
----+-4--

*** Life<FredkinCell> 13x15 ***

Generation = 0, Population = 18.
---------------
--------0------
---0--------00-
-00----0-------
--------0------
0--------------
---0---------0-
0-----0-------0
-----------0---
---------------
-----0---------
---------0-0---
---------------

Generation = 1, Population = 53.
--------0------
---0---0-0--00-
-0--0--00--0110
011---0-----00-
000------0-----
-0-0----0----0-
--0-0-0-----0--
-0-0-0-0---0---
0-----0---0-0-0
-----0-----0---
----0-0--0-0---
-----0--0---0--
---------0-0---

Generation = 2, Population = 50.
---0--------00-
-00---01--0----
-1---0--1-01--1
---000--00-----
------0---0-0--
-1----00------0
-0---0--0------
--0-0---0---0-0
---0-0---0-----
0-----0--0-1--0
---0---0---1---
-------0-0-0-0-
-----0---------

Generation = 3, Population = 93.
-0--0-00--00110
0-1---12-01-000
02-0-1--20-211-
-111---0-1000-0
-0-00-1-0----00
020----1--0-00-
01------10--0--
---0-0-01--0---
0---0----1000--
-0------01-200-
0-0-0--10-0-000
---0-001---1--0
----0-00-0-0-0-

Generation = 4, Population = 53.
---0----0---22-
1---0---0---1--
---1---031----1
-2-2-0-----1--1
----1------00--
--1-0---0------
---0-0-0-1--1--
-00-0--1-0-10--
-------00------
0--------------
-0-0-----0---1-
0----112-0-2-01
-----0-----1---

Generation = 5, Population = 108.
0-0----010-0-30
-0-0-0-----02-0
0202-1014202112
0--30-000102-02
-00-2---0-0-100
-2-01------0---
-10----1120-20-
0110--0-11-2-0-
000-0-0-1--00--
---0---001---0-
0---0001010102-
---00--3-1-3--2
0---01-0-002000

*** Life<FredkinCell> 15x3 ***

Generation = 0, Population = 9.
0-0
---
---
---
---
---
0-0
-0-
0-0
---
---
--0
---
-0-
---

Generation = 1, Population = 17.
---
0-0
---
---
---
0-0
-0-
0-0
-0-
0-0
--0
-0-
-00
0-0
-0-

Generation = 2, Population = 19.
0-0
---
0-0
---
0-0
-0-
0-0
---
0-0
-01
0-1
010
---
--1
---

Generation = 3, Population = 14.
---
---
---
---
-0-
0-0
-0-
---
-01
012
1--
---
00-
-0-
--0

Generation = 4, Population = 9.
---
---
---
-0-
---
---
---
--0
---
-2-
2-1
-1-
1-0
-1-
---

Generation = 5, Population = 11.
---
---
-0-
0-0
-0-
---
--0
-0-
-01
---
---
0-0
---
---
-0-

Generation = 6, Population = 17.
---
-0-
---
---
---
-00
---
010
0-2
-22
2-1
---
1-0
-1-
0-0

Generation = 7, Population = 20.
-0-
0-0
-0-
---
-00
011
0--
---
1--
033
-02
---
-0-
0-1
-0-

Generation = 8, Population = 8.
---
---
---
--0
---
-2-
1-0
---
2-2
-4-
---
--0
---
---
---

Generation = 9, Population = 10.
---
---
--0
-0-
-00
---
-0-
---
-0-
---
-02
-1-
--0
---
---

Generation = 10, Population = 18.
---
--0
---
010
0-1
--1
1-0
---
2-2
--3
2-3
020
---
--1
---

Generation = 11, Population = 16.
--0
-0-
00-
---
10-
-2-
--1
---
--3
-4-
30-
---
10-
-1-
--0

Generation = 12, Population = 12.
---
-1-
1-0
---
2-1
-3-
---
---
---
-5-
4-3
---
2-0
-2-
---

Generation = 13, Population = 8.
-0-
---
-0-
---
-0-
---
-0-
---
-0-
---
-0-
---
-0-
---
-0-

Generation = 14, Population = 16.
0-0
---
1-0
---
2-1
---
1-1
---
2-3
---
4-3
---
2-0
---
0-0

Generation = 15, Population = 0.
---
---
---
---
---
---
---
---
---
---
---
---
---
---
---

Generation = 16, Population = 0.
---
---
---
---
---
---
---
---
---
---
---
---
---
---
---

Generation = 17, Population = 0.
---
---
---
---
---
---
---
---
---
---
---
---
---
---
---

Generation = 18, Population = 0.
---
---
---
---
---
---
---
---
---
---
---
---
---
---
---

Generation = 19, Population = 0.
---
---
---
---
---
---
---
---
---
---
---
---
---
---
---

Generation = 20, Population = 0.
---
---
---
---
---
---
---
---
---
---
---
---
---
---
---

Generation = 21, Population = 0.
---
---
---
---
---
---
---
---
---
---
---
---
---
---
---

Generation = 22, Population = 0.
---
---
---
---
---
---
---
---
---
---
---
---
---
---
---

Generation = 23, Population = 0.
---
---
---
---
---
---
---
---
---
---
---
---
---
---
---

Generation = 24, Population = 0.
---
---
---
---
---
---
---
---
---
---
---
---
---
---
---

Generation = 25, Population = 0.
---
---
---
---
---
---
---
---
---
---
---
---
---
---
---

Generation = 26, Population = 0.
---
---
---
---
---
---
---
---
---
---
---
---
---
---
---

Generation = 27, Population = 0.
---
---
---
---
---
---
---
---
---
---
---
---
---
---
---

Generation = 28, Population = 0.
---
---
---
---
---
---
---
---
---
---
---
---
---
---
---

Generation = 29, Population = 0.
---
---
---
---
---
---
---
---
---
---
---
---
---
---
---

Generation = 30, Population = 0.
---
---
---
---
---
---
---
---
---
---
---
---
---
---
---

Generation = 31, Population = 0.
---
---
---
---
---
---
---
---
---
---
---
---
---
---
---

Generation = 32, Population = 0.
---
---
---
---
---
---
---
---
---
---
---
---
---
---
---

Generation = 33, Population = 0.
---
---
---
---
---
---
---
---
---
---
---
---
---
---
---

Generation = 34, Population = 0.
---
---
---
---
---
---
---
---
---
---
---
---
---
---
---

Generation = 35, Population = 0.
---
---
---
---
---
---
---
---
---
---
---
---
---
---
---

Generation = 36, Population = 0.
---
---
---
---
---
---
---
---
---
---
---
---
---
---
---

Generation = 37, Population = 0.
---
---
---
---
---
---
---
---
---
---
---
---
---
---
---

Generation = 38, Population = 0.
---
---
---
---
---
---
---
---
---
---
---
---
---
---
---

Generation = 39, Population = 0.
---
---
---
---
---
---
---
---
---
---
---
---
---
---
---

Generation = 40, Population = 0.
---
---
---
---
---
---
---
---
---
---
---
---
---
---
---

Generation = 41, Population = 0.
---
---
---
---
---
---
---
---
---
---
---
---
---
---
---

Generation = 42, Population = 0.
---
---
---
---
---
---
---
---
---
---
---
---
---
---
---

Generation = 43, Population = 0.
---
---
---
---
---
---
---
---
---
---
---
---
---
---
---

Generation = 44, Population = 0.
---
---
---
---
---
---
---
---
---
---
---
---
---
---
---

Generation = 45, Population = 0.
---
---
---
---
---
---
---
---
---
---
---
---
---
---
---

Generation = 46, Population = 0.
---
---
---
---
---
---
---
---
---
---
---
---
---
---
---

*** Life<FredkinCell> 7x19 ***

Generation = 0, Population = 12.
-------0-----------
--------------0----
-----------00------
--0-------------0--
--0---------0------
00------0----------
------------0------

Generation = 4, Population = 32.
--10---------------
01------0-1---1---0
--------1---2--10--
0-----0-----1-----0
3-----101---1---1--
4-0--1--0---0-0----
--0-----0--1----1--

Generation = 8, Population = 20.
---------------2---
------0---------0--
---00-------------2
----1---0-0---0----
----------0-------3
8----10-00------0--
----2-------------2

*** Life<FredkinCell> 13x7 ***

Generation = 0, Population = 15.
---0--0
---0---
---0---
-------
-------
---0---
---0---
-0-----
0-0----
00-----
-------
0---0--
00-----

Generation = 5, Population = 44.
-12-41-
--000-0
-1---0-
---0---
1-1-00-
-20-0-0
--23-1-
1----2-
-2-2---
-31312-
24-1-00
112-0--
2--121-

Generation = 10, Population = 43.
43-252-
-41310-
-20----
-1----0
--3--10
-3---1-
--2603-
-0----1
--2-01-
--2322-
-53-102
24-----
432--3-

Generation = 15, Population = 50.
6--2-41
1-4--10
-5--0--
-240--3
-5-342-
1421-1-
---7131
-35--52
4-5----
-643-50
-644-13
5-50--2
-5--6-1

Generation = 20, Population = 43.
---474-
-74732-
1-3--16
5-4-203
45-----
2-5-41-
37-91--
4---35-
---8--2
18-4---
4---4-5
-6-----
--568-2

Generation = 25, Population = 36.
+6-----
-+5-4-0
---243-
8--0-1-
684543-
-9-----
--5--5-
---0---
----11-
-+-7--0
7-754--
6----3-
7-77---

Generation = 30, Population = 39.
---4+--
-------
-+5-73+
-------
8-584-4
-+-----
5--+3--
76-----
-46-44-
-+686--
+9++--6
--8-334
86--+-3

Generation = 35, Population = 47.
+8---62
-+-8560
4----3-
--6053-
--+-574
--9--5-
----4--
876---4
8--+454
3+6-670
+++--5-
9---3--
---++44

Generation = 40, Population = 31.
+9-6---
4+-----
-+7---+
+---6--
9-+---5
-------
+-9+---
88--4--
++-----
---+---
++----7
++--5--
+-9---7

Generation = 45, Population = 48.
+-+---3
--9-87-
8--2-4-
++9-6--
++-+597
-+-+---
-++-756
-8+-68-
-+-----
--8+7-0
-++-8--
-++076-
+-9-+48

Generation = 50, Population = 39.
++--+8-
-----7-
--+-+--
++-----
+-+---9
--++6--
-----8-
+-----6
+--+589
-+9+87-
--+---8
++-----
+++++7+

*** Life<FredkinCell> 3x7 ***

Generation = 0, Population = 11.
----00-
000---0
000-00-

Generation = 7, Population = 0.
-------
-------
-------

Generation = 14, Population = 0.
-------
-------
-------

Generation = 21, Population = 0.
-------
-------
-------

*** Life<FredkinCell> 15x7 ***

Generation = 0, Population = 13.
-00----
0------
-------
----0--
------0
-------
-----0-
0------
--0----
-------
--0----
-------
0------
00-0---
-------

Generation = 6, Population = 42.
-------
----2--
--2--1-
--1---1
0-301-1
0-----0
030----
10-10--
212---0
-3-0-1-
0-01--2
32--11-
-----0-
42-2221
5------

Generation = 12, Population = 44.
-44--1-
-0-0---
036-041
0-----3
-13-31-
---1-2-
-54--1-
-------
-16--1-
---2-3-
-01-12-
3-----1
202-130
-3-3---
-13--1-

Generation = 18, Population = 0.
-------
-------
-------
-------
-------
-------
-------
-------
-------
-------
-------
-------
-------
-------
-------

Generation = 24, Population = 0.
-------
-------
-------
-------
-------
-------
-------
-------
-------
-------
-------
-------
-------
-------
-------

Generation = 30, Population = 0.
-------
-------
-------
-------
-------
-------
-------
-------
-------
-------
-------
-------
-------
-------
-------
